CRITICAL - 2022-05-15 07:35:23 --> unlink(C:\xampp\htdocs\sig-agam\writable\debugbar/debugbar_1652528461.json): No such file or directory
#0 [internal function]: CodeIgniter\Debug\Exceptions->errorHandler(2, 'unlink(C:\\xampp...', 'C:\\xampp\\htdocs...', 74)
#1 C:\xampp\htdocs\sig-agam\vendor\codeigniter4\framework\system\Debug\Toolbar\Collectors\History.php(74): unlink('C:\\xampp\\htdocs...')
#2 C:\xampp\htdocs\sig-agam\vendor\codeigniter4\framework\system\Debug\Toolbar.php(487): CodeIgniter\Debug\Toolbar\Collectors\History->setFiles(1652618118, 20)
#3 C:\xampp\htdocs\sig-agam\vendor\codeigniter4\framework\system\Debug\Toolbar.php(464): CodeIgniter\Debug\Toolbar->format(Array, 'html')
#4 C:\xampp\htdocs\sig-agam\app\Config\Events.php(48): CodeIgniter\Debug\Toolbar->respond()
#5 C:\xampp\htdocs\sig-agam\vendor\codeigniter4\framework\system\Events\Events.php(149): CodeIgniter\Events\Events::Config\{closure}()
#6 C:\xampp\htdocs\sig-agam\vendor\codeigniter4\framework\system\CodeIgniter.php(308): CodeIgniter\Events\Events::trigger('pre_system')
#7 C:\xampp\htdocs\sig-agam\public\index.php(37): CodeIgniter\CodeIgniter->run()
#8 {main}
ERROR - 2022-05-15 14:35:42 --> Column 'id_kategori' in where clause is ambiguous
CRITICAL - 2022-05-15 14:35:42 --> Column 'id_kategori' in where clause is ambiguous
#0 C:\xampp\htdocs\sig-agam\vendor\codeigniter4\framework\system\Database\MySQLi\Connection.php(292): mysqli->query('SELECT *\nFROM `...', 0)
#1 C:\xampp\htdocs\sig-agam\vendor\codeigniter4\framework\system\Database\BaseConnection.php(670): CodeIgniter\Database\MySQLi\Connection->execute('SELECT *\nFROM `...')
#2 C:\xampp\htdocs\sig-agam\vendor\codeigniter4\framework\system\Database\BaseConnection.php(598): CodeIgniter\Database\BaseConnection->simpleQuery('SELECT *\nFROM `...')
#3 C:\xampp\htdocs\sig-agam\vendor\codeigniter4\framework\system\Database\BaseBuilder.php(1455): CodeIgniter\Database\BaseConnection->query('SELECT *\nFROM `...', Array, false)
#4 C:\xampp\htdocs\sig-agam\vendor\codeigniter4\framework\system\Model.php(183): CodeIgniter\Database\BaseBuilder->get()
#5 C:\xampp\htdocs\sig-agam\vendor\codeigniter4\framework\system\BaseModel.php(584): CodeIgniter\Model->doFindAll(0, 0)
#6 C:\xampp\htdocs\sig-agam\app\Controllers\Dropdown.php(82): CodeIgniter\BaseModel->findAll()
#7 C:\xampp\htdocs\sig-agam\app\Controllers\Dropdown.php(23): App\Controllers\Dropdown->getMenu2(2, '')
#8 C:\xampp\htdocs\sig-agam\vendor\codeigniter4\framework\system\CodeIgniter.php(832): App\Controllers\Dropdown->index()
#9 C:\xampp\htdocs\sig-agam\vendor\codeigniter4\framework\system\CodeIgniter.php(419): CodeIgniter\CodeIgniter->runController(Object(App\Controllers\Dropdown))
#10 C:\xampp\htdocs\sig-agam\vendor\codeigniter4\framework\system\CodeIgniter.php(326): CodeIgniter\CodeIgniter->handleRequest(NULL, Object(Config\Cache), false)
#11 C:\xampp\htdocs\sig-agam\public\index.php(37): CodeIgniter\CodeIgniter->run()
#12 {main}
ERROR - 2022-05-15 14:38:40 --> Column 'id_kategori' in where clause is ambiguous
CRITICAL - 2022-05-15 14:38:40 --> Column 'id_kategori' in where clause is ambiguous
#0 C:\xampp\htdocs\sig-agam\vendor\codeigniter4\framework\system\Database\MySQLi\Connection.php(292): mysqli->query('SELECT *\nFROM `...', 0)
#1 C:\xampp\htdocs\sig-agam\vendor\codeigniter4\framework\system\Database\BaseConnection.php(670): CodeIgniter\Database\MySQLi\Connection->execute('SELECT *\nFROM `...')
#2 C:\xampp\htdocs\sig-agam\vendor\codeigniter4\framework\system\Database\BaseConnection.php(598): CodeIgniter\Database\BaseConnection->simpleQuery('SELECT *\nFROM `...')
#3 C:\xampp\htdocs\sig-agam\vendor\codeigniter4\framework\system\Database\BaseBuilder.php(1455): CodeIgniter\Database\BaseConnection->query('SELECT *\nFROM `...', Array, false)
#4 C:\xampp\htdocs\sig-agam\vendor\codeigniter4\framework\system\Model.php(183): CodeIgniter\Database\BaseBuilder->get()
#5 C:\xampp\htdocs\sig-agam\vendor\codeigniter4\framework\system\BaseModel.php(584): CodeIgniter\Model->doFindAll(0, 0)
#6 C:\xampp\htdocs\sig-agam\app\Controllers\Dropdown.php(82): CodeIgniter\BaseModel->findAll()
#7 C:\xampp\htdocs\sig-agam\app\Controllers\Dropdown.php(23): App\Controllers\Dropdown->getMenu2(2, '')
#8 C:\xampp\htdocs\sig-agam\vendor\codeigniter4\framework\system\CodeIgniter.php(832): App\Controllers\Dropdown->index()
#9 C:\xampp\htdocs\sig-agam\vendor\codeigniter4\framework\system\CodeIgniter.php(419): CodeIgniter\CodeIgniter->runController(Object(App\Controllers\Dropdown))
#10 C:\xampp\htdocs\sig-agam\vendor\codeigniter4\framework\system\CodeIgniter.php(326): CodeIgniter\CodeIgniter->handleRequest(NULL, Object(Config\Cache), false)
#11 C:\xampp\htdocs\sig-agam\public\index.php(37): CodeIgniter\CodeIgniter->run()
#12 {main}
ERROR - 2022-05-15 14:38:52 --> Column 'id_kategori' in where clause is ambiguous
CRITICAL - 2022-05-15 14:38:52 --> Column 'id_kategori' in where clause is ambiguous
#0 C:\xampp\htdocs\sig-agam\vendor\codeigniter4\framework\system\Database\MySQLi\Connection.php(292): mysqli->query('SELECT *\nFROM `...', 0)
#1 C:\xampp\htdocs\sig-agam\vendor\codeigniter4\framework\system\Database\BaseConnection.php(670): CodeIgniter\Database\MySQLi\Connection->execute('SELECT *\nFROM `...')
#2 C:\xampp\htdocs\sig-agam\vendor\codeigniter4\framework\system\Database\BaseConnection.php(598): CodeIgniter\Database\BaseConnection->simpleQuery('SELECT *\nFROM `...')
#3 C:\xampp\htdocs\sig-agam\vendor\codeigniter4\framework\system\Database\BaseBuilder.php(1455): CodeIgniter\Database\BaseConnection->query('SELECT *\nFROM `...', Array, false)
#4 C:\xampp\htdocs\sig-agam\vendor\codeigniter4\framework\system\Model.php(183): CodeIgniter\Database\BaseBuilder->get()
#5 C:\xampp\htdocs\sig-agam\vendor\codeigniter4\framework\system\BaseModel.php(584): CodeIgniter\Model->doFindAll(0, 0)
#6 C:\xampp\htdocs\sig-agam\app\Controllers\Dropdown.php(82): CodeIgniter\BaseModel->findAll()
#7 C:\xampp\htdocs\sig-agam\app\Controllers\Dropdown.php(23): App\Controllers\Dropdown->getMenu2(2, '')
#8 C:\xampp\htdocs\sig-agam\vendor\codeigniter4\framework\system\CodeIgniter.php(832): App\Controllers\Dropdown->index()
#9 C:\xampp\htdocs\sig-agam\vendor\codeigniter4\framework\system\CodeIgniter.php(419): CodeIgniter\CodeIgniter->runController(Object(App\Controllers\Dropdown))
#10 C:\xampp\htdocs\sig-agam\vendor\codeigniter4\framework\system\CodeIgniter.php(326): CodeIgniter\CodeIgniter->handleRequest(NULL, Object(Config\Cache), false)
#11 C:\xampp\htdocs\sig-agam\public\index.php(37): CodeIgniter\CodeIgniter->run()
#12 {main}
ERROR - 2022-05-15 14:49:04 --> Not unique table/alias: 'tbl_kategori'
CRITICAL - 2022-05-15 14:49:04 --> Not unique table/alias: 'tbl_kategori'
#0 C:\xampp\htdocs\sig-agam\vendor\codeigniter4\framework\system\Database\MySQLi\Connection.php(292): mysqli->query('SELECT *\nFROM `...', 0)
#1 C:\xampp\htdocs\sig-agam\vendor\codeigniter4\framework\system\Database\BaseConnection.php(670): CodeIgniter\Database\MySQLi\Connection->execute('SELECT *\nFROM `...')
#2 C:\xampp\htdocs\sig-agam\vendor\codeigniter4\framework\system\Database\BaseConnection.php(598): CodeIgniter\Database\BaseConnection->simpleQuery('SELECT *\nFROM `...')
#3 C:\xampp\htdocs\sig-agam\vendor\codeigniter4\framework\system\Database\BaseBuilder.php(1455): CodeIgniter\Database\BaseConnection->query('SELECT *\nFROM `...', Array, false)
#4 C:\xampp\htdocs\sig-agam\app\Models\DropdownModel.php(24): CodeIgniter\Database\BaseBuilder->get()
#5 C:\xampp\htdocs\sig-agam\app\Controllers\Dropdown.php(78): App\Models\DropdownModel->get_kategori(2)
#6 C:\xampp\htdocs\sig-agam\app\Controllers\Dropdown.php(24): App\Controllers\Dropdown->getMenu2(2, '')
#7 C:\xampp\htdocs\sig-agam\vendor\codeigniter4\framework\system\CodeIgniter.php(832): App\Controllers\Dropdown->index()
#8 C:\xampp\htdocs\sig-agam\vendor\codeigniter4\framework\system\CodeIgniter.php(419): CodeIgniter\CodeIgniter->runController(Object(App\Controllers\Dropdown))
#9 C:\xampp\htdocs\sig-agam\vendor\codeigniter4\framework\system\CodeIgniter.php(326): CodeIgniter\CodeIgniter->handleRequest(NULL, Object(Config\Cache), false)
#10 C:\xampp\htdocs\sig-agam\public\index.php(37): CodeIgniter\CodeIgniter->run()
#11 {main}
CRITICAL - 2022-05-15 14:53:21 --> Undefined array key "id_indikator"
#0 C:\xampp\htdocs\sig-agam\app\Controllers\Dropdown.php(88): CodeIgniter\Debug\Exceptions->errorHandler(2, 'Undefined array...', 'C:\\xampp\\htdocs...', 88)
#1 C:\xampp\htdocs\sig-agam\app\Controllers\Dropdown.php(24): App\Controllers\Dropdown->getMenu2(2, '<ul id='kategor...')
#2 C:\xampp\htdocs\sig-agam\vendor\codeigniter4\framework\system\CodeIgniter.php(832): App\Controllers\Dropdown->index()
#3 C:\xampp\htdocs\sig-agam\vendor\codeigniter4\framework\system\CodeIgniter.php(419): CodeIgniter\CodeIgniter->runController(Object(App\Controllers\Dropdown))
#4 C:\xampp\htdocs\sig-agam\vendor\codeigniter4\framework\system\CodeIgniter.php(326): CodeIgniter\CodeIgniter->handleRequest(NULL, Object(Config\Cache), false)
#5 C:\xampp\htdocs\sig-agam\public\index.php(37): CodeIgniter\CodeIgniter->run()
#6 {main}
ERROR - 2022-05-15 15:01:42 --> Illegal parameter data types int and row for operation '='
CRITICAL - 2022-05-15 15:01:42 --> Illegal parameter data types int and row for operation '='
#0 C:\xampp\htdocs\sig-agam\vendor\codeigniter4\framework\system\Database\MySQLi\Connection.php(292): mysqli->query('SELECT *\nFROM `...', 0)
#1 C:\xampp\htdocs\sig-agam\vendor\codeigniter4\framework\system\Database\BaseConnection.php(670): CodeIgniter\Database\MySQLi\Connection->execute('SELECT *\nFROM `...')
#2 C:\xampp\htdocs\sig-agam\vendor\codeigniter4\framework\system\Database\BaseConnection.php(598): CodeIgniter\Database\BaseConnection->simpleQuery('SELECT *\nFROM `...')
#3 C:\xampp\htdocs\sig-agam\vendor\codeigniter4\framework\system\Database\BaseBuilder.php(1455): CodeIgniter\Database\BaseConnection->query('SELECT *\nFROM `...', Array, false)
#4 C:\xampp\htdocs\sig-agam\app\Models\DropdownModel.php(32): CodeIgniter\Database\BaseBuilder->get()
#5 C:\xampp\htdocs\sig-agam\app\Controllers\Dropdown.php(84): App\Models\DropdownModel->get_indikator(Array)
#6 C:\xampp\htdocs\sig-agam\app\Controllers\Dropdown.php(24): App\Controllers\Dropdown->getMenu2(2, '<ul id='kategor...')
#7 C:\xampp\htdocs\sig-agam\vendor\codeigniter4\framework\system\CodeIgniter.php(832): App\Controllers\Dropdown->index()
#8 C:\xampp\htdocs\sig-agam\vendor\codeigniter4\framework\system\CodeIgniter.php(419): CodeIgniter\CodeIgniter->runController(Object(App\Controllers\Dropdown))
#9 C:\xampp\htdocs\sig-agam\vendor\codeigniter4\framework\system\CodeIgniter.php(326): CodeIgniter\CodeIgniter->handleRequest(NULL, Object(Config\Cache), false)
#10 C:\xampp\htdocs\sig-agam\public\index.php(37): CodeIgniter\CodeIgniter->run()
#11 {main}
ERROR - 2022-05-15 15:02:39 --> Illegal parameter data types int and row for operation '='
CRITICAL - 2022-05-15 15:02:39 --> Illegal parameter data types int and row for operation '='
#0 C:\xampp\htdocs\sig-agam\vendor\codeigniter4\framework\system\Database\MySQLi\Connection.php(292): mysqli->query('SELECT *\nFROM `...', 0)
#1 C:\xampp\htdocs\sig-agam\vendor\codeigniter4\framework\system\Database\BaseConnection.php(670): CodeIgniter\Database\MySQLi\Connection->execute('SELECT *\nFROM `...')
#2 C:\xampp\htdocs\sig-agam\vendor\codeigniter4\framework\system\Database\BaseConnection.php(598): CodeIgniter\Database\BaseConnection->simpleQuery('SELECT *\nFROM `...')
#3 C:\xampp\htdocs\sig-agam\vendor\codeigniter4\framework\system\Database\BaseBuilder.php(1455): CodeIgniter\Database\BaseConnection->query('SELECT *\nFROM `...', Array, false)
#4 C:\xampp\htdocs\sig-agam\app\Models\DropdownModel.php(32): CodeIgniter\Database\BaseBuilder->get()
#5 C:\xampp\htdocs\sig-agam\app\Controllers\Dropdown.php(84): App\Models\DropdownModel->get_indikator(Array)
#6 C:\xampp\htdocs\sig-agam\app\Controllers\Dropdown.php(24): App\Controllers\Dropdown->getMenu2(2, '<ul id='kategor...')
#7 C:\xampp\htdocs\sig-agam\vendor\codeigniter4\framework\system\CodeIgniter.php(832): App\Controllers\Dropdown->index()
#8 C:\xampp\htdocs\sig-agam\vendor\codeigniter4\framework\system\CodeIgniter.php(419): CodeIgniter\CodeIgniter->runController(Object(App\Controllers\Dropdown))
#9 C:\xampp\htdocs\sig-agam\vendor\codeigniter4\framework\system\CodeIgniter.php(326): CodeIgniter\CodeIgniter->handleRequest(NULL, Object(Config\Cache), false)
#10 C:\xampp\htdocs\sig-agam\public\index.php(37): CodeIgniter\CodeIgniter->run()
#11 {main}
ERROR - 2022-05-15 15:02:42 --> Illegal parameter data types int and row for operation '='
CRITICAL - 2022-05-15 15:02:42 --> Illegal parameter data types int and row for operation '='
#0 C:\xampp\htdocs\sig-agam\vendor\codeigniter4\framework\system\Database\MySQLi\Connection.php(292): mysqli->query('SELECT *\nFROM `...', 0)
#1 C:\xampp\htdocs\sig-agam\vendor\codeigniter4\framework\system\Database\BaseConnection.php(670): CodeIgniter\Database\MySQLi\Connection->execute('SELECT *\nFROM `...')
#2 C:\xampp\htdocs\sig-agam\vendor\codeigniter4\framework\system\Database\BaseConnection.php(598): CodeIgniter\Database\BaseConnection->simpleQuery('SELECT *\nFROM `...')
#3 C:\xampp\htdocs\sig-agam\vendor\codeigniter4\framework\system\Database\BaseBuilder.php(1455): CodeIgniter\Database\BaseConnection->query('SELECT *\nFROM `...', Array, false)
#4 C:\xampp\htdocs\sig-agam\app\Models\DropdownModel.php(32): CodeIgniter\Database\BaseBuilder->get()
#5 C:\xampp\htdocs\sig-agam\app\Controllers\Dropdown.php(84): App\Models\DropdownModel->get_indikator(Array)
#6 C:\xampp\htdocs\sig-agam\app\Controllers\Dropdown.php(24): App\Controllers\Dropdown->getMenu2(2, '<ul id='kategor...')
#7 C:\xampp\htdocs\sig-agam\vendor\codeigniter4\framework\system\CodeIgniter.php(832): App\Controllers\Dropdown->index()
#8 C:\xampp\htdocs\sig-agam\vendor\codeigniter4\framework\system\CodeIgniter.php(419): CodeIgniter\CodeIgniter->runController(Object(App\Controllers\Dropdown))
#9 C:\xampp\htdocs\sig-agam\vendor\codeigniter4\framework\system\CodeIgniter.php(326): CodeIgniter\CodeIgniter->handleRequest(NULL, Object(Config\Cache), false)
#10 C:\xampp\htdocs\sig-agam\public\index.php(37): CodeIgniter\CodeIgniter->run()
#11 {main}
ERROR - 2022-05-15 15:03:00 --> Illegal parameter data types int and row for operation '='
CRITICAL - 2022-05-15 15:03:00 --> Illegal parameter data types int and row for operation '='
#0 C:\xampp\htdocs\sig-agam\vendor\codeigniter4\framework\system\Database\MySQLi\Connection.php(292): mysqli->query('SELECT *\nFROM `...', 0)
#1 C:\xampp\htdocs\sig-agam\vendor\codeigniter4\framework\system\Database\BaseConnection.php(670): CodeIgniter\Database\MySQLi\Connection->execute('SELECT *\nFROM `...')
#2 C:\xampp\htdocs\sig-agam\vendor\codeigniter4\framework\system\Database\BaseConnection.php(598): CodeIgniter\Database\BaseConnection->simpleQuery('SELECT *\nFROM `...')
#3 C:\xampp\htdocs\sig-agam\vendor\codeigniter4\framework\system\Database\BaseBuilder.php(1455): CodeIgniter\Database\BaseConnection->query('SELECT *\nFROM `...', Array, false)
#4 C:\xampp\htdocs\sig-agam\app\Models\DropdownModel.php(32): CodeIgniter\Database\BaseBuilder->get()
#5 C:\xampp\htdocs\sig-agam\app\Controllers\Dropdown.php(84): App\Models\DropdownModel->get_indikator(Array)
#6 C:\xampp\htdocs\sig-agam\app\Controllers\Dropdown.php(24): App\Controllers\Dropdown->getMenu2(2, '<ul id='kategor...')
#7 C:\xampp\htdocs\sig-agam\vendor\codeigniter4\framework\system\CodeIgniter.php(832): App\Controllers\Dropdown->index()
#8 C:\xampp\htdocs\sig-agam\vendor\codeigniter4\framework\system\CodeIgniter.php(419): CodeIgniter\CodeIgniter->runController(Object(App\Controllers\Dropdown))
#9 C:\xampp\htdocs\sig-agam\vendor\codeigniter4\framework\system\CodeIgniter.php(326): CodeIgniter\CodeIgniter->handleRequest(NULL, Object(Config\Cache), false)
#10 C:\xampp\htdocs\sig-agam\public\index.php(37): CodeIgniter\CodeIgniter->run()
#11 {main}
ERROR - 2022-05-15 15:03:04 --> Illegal parameter data types int and row for operation '='
CRITICAL - 2022-05-15 15:03:04 --> Illegal parameter data types int and row for operation '='
#0 C:\xampp\htdocs\sig-agam\vendor\codeigniter4\framework\system\Database\MySQLi\Connection.php(292): mysqli->query('SELECT *\nFROM `...', 0)
#1 C:\xampp\htdocs\sig-agam\vendor\codeigniter4\framework\system\Database\BaseConnection.php(670): CodeIgniter\Database\MySQLi\Connection->execute('SELECT *\nFROM `...')
#2 C:\xampp\htdocs\sig-agam\vendor\codeigniter4\framework\system\Database\BaseConnection.php(598): CodeIgniter\Database\BaseConnection->simpleQuery('SELECT *\nFROM `...')
#3 C:\xampp\htdocs\sig-agam\vendor\codeigniter4\framework\system\Database\BaseBuilder.php(1455): CodeIgniter\Database\BaseConnection->query('SELECT *\nFROM `...', Array, false)
#4 C:\xampp\htdocs\sig-agam\app\Models\DropdownModel.php(32): CodeIgniter\Database\BaseBuilder->get()
#5 C:\xampp\htdocs\sig-agam\app\Controllers\Dropdown.php(84): App\Models\DropdownModel->get_indikator(Array)
#6 C:\xampp\htdocs\sig-agam\app\Controllers\Dropdown.php(24): App\Controllers\Dropdown->getMenu2(2, '<ul id='kategor...')
#7 C:\xampp\htdocs\sig-agam\vendor\codeigniter4\framework\system\CodeIgniter.php(832): App\Controllers\Dropdown->index()
#8 C:\xampp\htdocs\sig-agam\vendor\codeigniter4\framework\system\CodeIgniter.php(419): CodeIgniter\CodeIgniter->runController(Object(App\Controllers\Dropdown))
#9 C:\xampp\htdocs\sig-agam\vendor\codeigniter4\framework\system\CodeIgniter.php(326): CodeIgniter\CodeIgniter->handleRequest(NULL, Object(Config\Cache), false)
#10 C:\xampp\htdocs\sig-agam\public\index.php(37): CodeIgniter\CodeIgniter->run()
#11 {main}
ERROR - 2022-05-15 15:04:19 --> Illegal parameter data types int and row for operation '='
CRITICAL - 2022-05-15 15:04:19 --> Illegal parameter data types int and row for operation '='
#0 C:\xampp\htdocs\sig-agam\vendor\codeigniter4\framework\system\Database\MySQLi\Connection.php(292): mysqli->query('SELECT *\nFROM `...', 0)
#1 C:\xampp\htdocs\sig-agam\vendor\codeigniter4\framework\system\Database\BaseConnection.php(670): CodeIgniter\Database\MySQLi\Connection->execute('SELECT *\nFROM `...')
#2 C:\xampp\htdocs\sig-agam\vendor\codeigniter4\framework\system\Database\BaseConnection.php(598): CodeIgniter\Database\BaseConnection->simpleQuery('SELECT *\nFROM `...')
#3 C:\xampp\htdocs\sig-agam\vendor\codeigniter4\framework\system\Database\BaseBuilder.php(1455): CodeIgniter\Database\BaseConnection->query('SELECT *\nFROM `...', Array, false)
#4 C:\xampp\htdocs\sig-agam\app\Models\DropdownModel.php(32): CodeIgniter\Database\BaseBuilder->get()
#5 C:\xampp\htdocs\sig-agam\app\Controllers\Dropdown.php(84): App\Models\DropdownModel->get_indikator(Array)
#6 C:\xampp\htdocs\sig-agam\app\Controllers\Dropdown.php(24): App\Controllers\Dropdown->getMenu2(2, '<ul id='kategor...')
#7 C:\xampp\htdocs\sig-agam\vendor\codeigniter4\framework\system\CodeIgniter.php(832): App\Controllers\Dropdown->index()
#8 C:\xampp\htdocs\sig-agam\vendor\codeigniter4\framework\system\CodeIgniter.php(419): CodeIgniter\CodeIgniter->runController(Object(App\Controllers\Dropdown))
#9 C:\xampp\htdocs\sig-agam\vendor\codeigniter4\framework\system\CodeIgniter.php(326): CodeIgniter\CodeIgniter->handleRequest(NULL, Object(Config\Cache), false)
#10 C:\xampp\htdocs\sig-agam\public\index.php(37): CodeIgniter\CodeIgniter->run()
#11 {main}
CRITICAL - 2022-05-15 15:06:01 --> Attempt to read property "id_menu" on array
#0 C:\xampp\htdocs\sig-agam\app\Controllers\Dropdown.php(95): CodeIgniter\Debug\Exceptions->errorHandler(2, 'Attempt to read...', 'C:\\xampp\\htdocs...', 95)
#1 C:\xampp\htdocs\sig-agam\app\Controllers\Dropdown.php(24): App\Controllers\Dropdown->getMenu2(2, '<ul id='kategor...')
#2 C:\xampp\htdocs\sig-agam\vendor\codeigniter4\framework\system\CodeIgniter.php(832): App\Controllers\Dropdown->index()
#3 C:\xampp\htdocs\sig-agam\vendor\codeigniter4\framework\system\CodeIgniter.php(419): CodeIgniter\CodeIgniter->runController(Object(App\Controllers\Dropdown))
#4 C:\xampp\htdocs\sig-agam\vendor\codeigniter4\framework\system\CodeIgniter.php(326): CodeIgniter\CodeIgniter->handleRequest(NULL, Object(Config\Cache), false)
#5 C:\xampp\htdocs\sig-agam\public\index.php(37): CodeIgniter\CodeIgniter->run()
#6 {main}
CRITICAL - 2022-05-15 15:06:35 --> Allowed memory size of 536870912 bytes exhausted (tried to allocate 380928 bytes)
#0 [internal function]: CodeIgniter\Debug\Exceptions->shutdownHandler()
#1 {main}
CRITICAL - 2022-05-15 15:06:38 --> Allowed memory size of 536870912 bytes exhausted (tried to allocate 380928 bytes)
#0 [internal function]: CodeIgniter\Debug\Exceptions->shutdownHandler()
#1 {main}
CRITICAL - 2022-05-15 15:12:21 --> Undefined array key "result"
#0 C:\xampp\htdocs\sig-agam\app\Views\visualisasi\index.php(173): CodeIgniter\Debug\Exceptions->errorHandler(2, 'Undefined array...', 'C:\\xampp\\htdocs...', 173)
#1 C:\xampp\htdocs\sig-agam\vendor\codeigniter4\framework\system\View\View.php(210): include('C:\\xampp\\htdocs...')
#2 C:\xampp\htdocs\sig-agam\vendor\codeigniter4\framework\system\View\View.php(213): CodeIgniter\View\View->CodeIgniter\View\{closure}()
#3 C:\xampp\htdocs\sig-agam\vendor\codeigniter4\framework\system\Common.php(1089): CodeIgniter\View\View->render('visualisasi/ind...', Array, true)
#4 C:\xampp\htdocs\sig-agam\app\Controllers\Dropdown.php(27): view('visualisasi/ind...', Array)
#5 C:\xampp\htdocs\sig-agam\vendor\codeigniter4\framework\system\CodeIgniter.php(832): App\Controllers\Dropdown->index()
#6 C:\xampp\htdocs\sig-agam\vendor\codeigniter4\framework\system\CodeIgniter.php(419): CodeIgniter\CodeIgniter->runController(Object(App\Controllers\Dropdown))
#7 C:\xampp\htdocs\sig-agam\vendor\codeigniter4\framework\system\CodeIgniter.php(326): CodeIgniter\CodeIgniter->handleRequest(NULL, Object(Config\Cache), false)
#8 C:\xampp\htdocs\sig-agam\public\index.php(37): CodeIgniter\CodeIgniter->run()
#9 {main}
CRITICAL - 2022-05-15 15:14:01 --> Undefined array key "result"
#0 C:\xampp\htdocs\sig-agam\app\Views\visualisasi\index.php(173): CodeIgniter\Debug\Exceptions->errorHandler(2, 'Undefined array...', 'C:\\xampp\\htdocs...', 173)
#1 C:\xampp\htdocs\sig-agam\vendor\codeigniter4\framework\system\View\View.php(210): include('C:\\xampp\\htdocs...')
#2 C:\xampp\htdocs\sig-agam\vendor\codeigniter4\framework\system\View\View.php(213): CodeIgniter\View\View->CodeIgniter\View\{closure}()
#3 C:\xampp\htdocs\sig-agam\vendor\codeigniter4\framework\system\Common.php(1089): CodeIgniter\View\View->render('visualisasi/ind...', Array, true)
#4 C:\xampp\htdocs\sig-agam\app\Controllers\Dropdown.php(27): view('visualisasi/ind...', Array)
#5 C:\xampp\htdocs\sig-agam\vendor\codeigniter4\framework\system\CodeIgniter.php(832): App\Controllers\Dropdown->index()
#6 C:\xampp\htdocs\sig-agam\vendor\codeigniter4\framework\system\CodeIgniter.php(419): CodeIgniter\CodeIgniter->runController(Object(App\Controllers\Dropdown))
#7 C:\xampp\htdocs\sig-agam\vendor\codeigniter4\framework\system\CodeIgniter.php(326): CodeIgniter\CodeIgniter->handleRequest(NULL, Object(Config\Cache), false)
#8 C:\xampp\htdocs\sig-agam\public\index.php(37): CodeIgniter\CodeIgniter->run()
#9 {main}
