CRITICAL - 2022-05-06 06:54:10 --> Undefined property: App\Controllers\Coba::$model
#0 C:\xampp\htdocs\sig-agam\app\Controllers\Coba.php(10): CodeIgniter\Debug\Exceptions->errorHandler(2, 'Undefined prope...', 'C:\\xampp\\htdocs...', 10)
#1 C:\xampp\htdocs\sig-agam\system\CodeIgniter.php(832): App\Controllers\Coba->index()
#2 C:\xampp\htdocs\sig-agam\system\CodeIgniter.php(419): CodeIgniter\CodeIgniter->runController(Object(App\Controllers\Coba))
#3 C:\xampp\htdocs\sig-agam\system\CodeIgniter.php(326): CodeIgniter\CodeIgniter->handleRequest(NULL, Object(Config\Cache), false)
#4 C:\xampp\htdocs\sig-agam\public\index.php(37): CodeIgniter\CodeIgniter->run()
#5 {main}
CRITICAL - 2022-05-06 06:55:43 --> unlink(C:\xampp\htdocs\sig-agam\writable\debugbar/debugbar_1651814213.json): No such file or directory
#0 [internal function]: CodeIgniter\Debug\Exceptions->errorHandler(2, 'unlink(C:\\xampp...', 'C:\\xampp\\htdocs...', 74)
#1 C:\xampp\htdocs\sig-agam\system\Debug\Toolbar\Collectors\History.php(74): unlink('C:\\xampp\\htdocs...')
#2 C:\xampp\htdocs\sig-agam\system\Debug\Toolbar.php(487): CodeIgniter\Debug\Toolbar\Collectors\History->setFiles(1651838137, 20)
#3 C:\xampp\htdocs\sig-agam\system\Debug\Toolbar.php(464): CodeIgniter\Debug\Toolbar->format(Array, 'html')
#4 C:\xampp\htdocs\sig-agam\app\Config\Events.php(48): CodeIgniter\Debug\Toolbar->respond()
#5 C:\xampp\htdocs\sig-agam\system\Events\Events.php(149): CodeIgniter\Events\Events::Config\{closure}()
#6 C:\xampp\htdocs\sig-agam\system\CodeIgniter.php(308): CodeIgniter\Events\Events::trigger('pre_system')
#7 C:\xampp\htdocs\sig-agam\public\index.php(37): CodeIgniter\CodeIgniter->run()
#8 {main}
CRITICAL - 2022-05-06 17:56:01 --> Undefined array key "result"
#0 C:\xampp\htdocs\sig-agam\app\Views\visualisasi\index.php(148): CodeIgniter\Debug\Exceptions->errorHandler(2, 'Undefined array...', 'C:\\xampp\\htdocs...', 148)
#1 C:\xampp\htdocs\sig-agam\system\View\View.php(210): include('C:\\xampp\\htdocs...')
#2 C:\xampp\htdocs\sig-agam\system\View\View.php(213): CodeIgniter\View\View->CodeIgniter\View\{closure}()
#3 C:\xampp\htdocs\sig-agam\system\Common.php(1089): CodeIgniter\View\View->render('visualisasi/ind...', Array, true)
#4 C:\xampp\htdocs\sig-agam\app\Controllers\Visualisasi.php(25): view('visualisasi/ind...', Array)
#5 C:\xampp\htdocs\sig-agam\system\CodeIgniter.php(832): App\Controllers\Visualisasi->index()
#6 C:\xampp\htdocs\sig-agam\system\CodeIgniter.php(419): CodeIgniter\CodeIgniter->runController(Object(App\Controllers\Visualisasi))
#7 C:\xampp\htdocs\sig-agam\system\CodeIgniter.php(326): CodeIgniter\CodeIgniter->handleRequest(NULL, Object(Config\Cache), false)
#8 C:\xampp\htdocs\sig-agam\public\index.php(37): CodeIgniter\CodeIgniter->run()
#9 {main}
CRITICAL - 2022-05-06 18:04:33 --> Undefined variable $maps
#0 C:\xampp\htdocs\sig-agam\app\Views\visualisasi\index.php(180): CodeIgniter\Debug\Exceptions->errorHandler(2, 'Undefined varia...', 'C:\\xampp\\htdocs...', 180)
#1 C:\xampp\htdocs\sig-agam\system\View\View.php(210): include('C:\\xampp\\htdocs...')
#2 C:\xampp\htdocs\sig-agam\system\View\View.php(213): CodeIgniter\View\View->CodeIgniter\View\{closure}()
#3 C:\xampp\htdocs\sig-agam\system\Common.php(1089): CodeIgniter\View\View->render('visualisasi/ind...', Array, true)
#4 C:\xampp\htdocs\sig-agam\app\Controllers\Visualisasi.php(27): view('visualisasi/ind...', Array)
#5 C:\xampp\htdocs\sig-agam\system\CodeIgniter.php(832): App\Controllers\Visualisasi->index()
#6 C:\xampp\htdocs\sig-agam\system\CodeIgniter.php(419): CodeIgniter\CodeIgniter->runController(Object(App\Controllers\Visualisasi))
#7 C:\xampp\htdocs\sig-agam\system\CodeIgniter.php(326): CodeIgniter\CodeIgniter->handleRequest(NULL, Object(Config\Cache), false)
#8 C:\xampp\htdocs\sig-agam\public\index.php(37): CodeIgniter\CodeIgniter->run()
#9 {main}
CRITICAL - 2022-05-06 18:05:05 --> Undefined variable $data_maps
#0 C:\xampp\htdocs\sig-agam\app\Views\visualisasi\index.php(181): CodeIgniter\Debug\Exceptions->errorHandler(2, 'Undefined varia...', 'C:\\xampp\\htdocs...', 181)
#1 C:\xampp\htdocs\sig-agam\system\View\View.php(210): include('C:\\xampp\\htdocs...')
#2 C:\xampp\htdocs\sig-agam\system\View\View.php(213): CodeIgniter\View\View->CodeIgniter\View\{closure}()
#3 C:\xampp\htdocs\sig-agam\system\Common.php(1089): CodeIgniter\View\View->render('visualisasi/ind...', Array, true)
#4 C:\xampp\htdocs\sig-agam\app\Controllers\Visualisasi.php(27): view('visualisasi/ind...', Array)
#5 C:\xampp\htdocs\sig-agam\system\CodeIgniter.php(832): App\Controllers\Visualisasi->index()
#6 C:\xampp\htdocs\sig-agam\system\CodeIgniter.php(419): CodeIgniter\CodeIgniter->runController(Object(App\Controllers\Visualisasi))
#7 C:\xampp\htdocs\sig-agam\system\CodeIgniter.php(326): CodeIgniter\CodeIgniter->handleRequest(NULL, Object(Config\Cache), false)
#8 C:\xampp\htdocs\sig-agam\public\index.php(37): CodeIgniter\CodeIgniter->run()
#9 {main}
CRITICAL - 2022-05-06 18:20:58 --> Array to string conversion
#0 C:\xampp\htdocs\sig-agam\app\Views\visualisasi\index.php(181): CodeIgniter\Debug\Exceptions->errorHandler(2, 'Array to string...', 'C:\\xampp\\htdocs...', 181)
#1 C:\xampp\htdocs\sig-agam\system\View\View.php(210): include('C:\\xampp\\htdocs...')
#2 C:\xampp\htdocs\sig-agam\system\View\View.php(213): CodeIgniter\View\View->CodeIgniter\View\{closure}()
#3 C:\xampp\htdocs\sig-agam\system\Common.php(1089): CodeIgniter\View\View->render('visualisasi/ind...', Array, true)
#4 C:\xampp\htdocs\sig-agam\app\Controllers\Visualisasi.php(27): view('visualisasi/ind...', Array)
#5 C:\xampp\htdocs\sig-agam\system\CodeIgniter.php(832): App\Controllers\Visualisasi->index()
#6 C:\xampp\htdocs\sig-agam\system\CodeIgniter.php(419): CodeIgniter\CodeIgniter->runController(Object(App\Controllers\Visualisasi))
#7 C:\xampp\htdocs\sig-agam\system\CodeIgniter.php(326): CodeIgniter\CodeIgniter->handleRequest(NULL, Object(Config\Cache), false)
#8 C:\xampp\htdocs\sig-agam\public\index.php(37): CodeIgniter\CodeIgniter->run()
#9 {main}
CRITICAL - 2022-05-06 18:24:09 --> Undefined array key "nilai"
#0 C:\xampp\htdocs\sig-agam\app\Controllers\Visualisasi.php(125): CodeIgniter\Debug\Exceptions->errorHandler(2, 'Undefined array...', 'C:\\xampp\\htdocs...', 125)
#1 C:\xampp\htdocs\sig-agam\app\Controllers\Visualisasi.php(24): App\Controllers\Visualisasi->data_maps()
#2 C:\xampp\htdocs\sig-agam\system\CodeIgniter.php(832): App\Controllers\Visualisasi->index()
#3 C:\xampp\htdocs\sig-agam\system\CodeIgniter.php(419): CodeIgniter\CodeIgniter->runController(Object(App\Controllers\Visualisasi))
#4 C:\xampp\htdocs\sig-agam\system\CodeIgniter.php(326): CodeIgniter\CodeIgniter->handleRequest(NULL, Object(Config\Cache), false)
#5 C:\xampp\htdocs\sig-agam\public\index.php(37): CodeIgniter\CodeIgniter->run()
#6 {main}
CRITICAL - 2022-05-06 18:24:38 --> Array to string conversion
#0 C:\xampp\htdocs\sig-agam\app\Views\visualisasi\index.php(181): CodeIgniter\Debug\Exceptions->errorHandler(2, 'Array to string...', 'C:\\xampp\\htdocs...', 181)
#1 C:\xampp\htdocs\sig-agam\system\View\View.php(210): include('C:\\xampp\\htdocs...')
#2 C:\xampp\htdocs\sig-agam\system\View\View.php(213): CodeIgniter\View\View->CodeIgniter\View\{closure}()
#3 C:\xampp\htdocs\sig-agam\system\Common.php(1089): CodeIgniter\View\View->render('visualisasi/ind...', Array, true)
#4 C:\xampp\htdocs\sig-agam\app\Controllers\Visualisasi.php(27): view('visualisasi/ind...', Array)
#5 C:\xampp\htdocs\sig-agam\system\CodeIgniter.php(832): App\Controllers\Visualisasi->index()
#6 C:\xampp\htdocs\sig-agam\system\CodeIgniter.php(419): CodeIgniter\CodeIgniter->runController(Object(App\Controllers\Visualisasi))
#7 C:\xampp\htdocs\sig-agam\system\CodeIgniter.php(326): CodeIgniter\CodeIgniter->handleRequest(NULL, Object(Config\Cache), false)
#8 C:\xampp\htdocs\sig-agam\public\index.php(37): CodeIgniter\CodeIgniter->run()
#9 {main}
CRITICAL - 2022-05-06 18:26:23 --> Undefined array key "nilai"
#0 C:\xampp\htdocs\sig-agam\app\Controllers\Visualisasi.php(125): CodeIgniter\Debug\Exceptions->errorHandler(2, 'Undefined array...', 'C:\\xampp\\htdocs...', 125)
#1 C:\xampp\htdocs\sig-agam\app\Controllers\Visualisasi.php(24): App\Controllers\Visualisasi->data_maps()
#2 C:\xampp\htdocs\sig-agam\system\CodeIgniter.php(832): App\Controllers\Visualisasi->index()
#3 C:\xampp\htdocs\sig-agam\system\CodeIgniter.php(419): CodeIgniter\CodeIgniter->runController(Object(App\Controllers\Visualisasi))
#4 C:\xampp\htdocs\sig-agam\system\CodeIgniter.php(326): CodeIgniter\CodeIgniter->handleRequest(NULL, Object(Config\Cache), false)
#5 C:\xampp\htdocs\sig-agam\public\index.php(37): CodeIgniter\CodeIgniter->run()
#6 {main}
CRITICAL - 2022-05-06 18:26:49 --> Undefined array key "nilai"
#0 C:\xampp\htdocs\sig-agam\app\Controllers\Visualisasi.php(125): CodeIgniter\Debug\Exceptions->errorHandler(2, 'Undefined array...', 'C:\\xampp\\htdocs...', 125)
#1 C:\xampp\htdocs\sig-agam\app\Controllers\Visualisasi.php(24): App\Controllers\Visualisasi->data_maps()
#2 C:\xampp\htdocs\sig-agam\system\CodeIgniter.php(832): App\Controllers\Visualisasi->index()
#3 C:\xampp\htdocs\sig-agam\system\CodeIgniter.php(419): CodeIgniter\CodeIgniter->runController(Object(App\Controllers\Visualisasi))
#4 C:\xampp\htdocs\sig-agam\system\CodeIgniter.php(326): CodeIgniter\CodeIgniter->handleRequest(NULL, Object(Config\Cache), false)
#5 C:\xampp\htdocs\sig-agam\public\index.php(37): CodeIgniter\CodeIgniter->run()
#6 {main}
CRITICAL - 2022-05-06 18:27:53 --> Undefined array key "nilai"
#0 C:\xampp\htdocs\sig-agam\app\Controllers\Visualisasi.php(124): CodeIgniter\Debug\Exceptions->errorHandler(2, 'Undefined array...', 'C:\\xampp\\htdocs...', 124)
#1 C:\xampp\htdocs\sig-agam\app\Controllers\Visualisasi.php(24): App\Controllers\Visualisasi->data_maps()
#2 C:\xampp\htdocs\sig-agam\system\CodeIgniter.php(832): App\Controllers\Visualisasi->index()
#3 C:\xampp\htdocs\sig-agam\system\CodeIgniter.php(419): CodeIgniter\CodeIgniter->runController(Object(App\Controllers\Visualisasi))
#4 C:\xampp\htdocs\sig-agam\system\CodeIgniter.php(326): CodeIgniter\CodeIgniter->handleRequest(NULL, Object(Config\Cache), false)
#5 C:\xampp\htdocs\sig-agam\public\index.php(37): CodeIgniter\CodeIgniter->run()
#6 {main}
CRITICAL - 2022-05-06 18:29:19 --> Undefined array key "nilai"
#0 C:\xampp\htdocs\sig-agam\app\Controllers\Visualisasi.php(126): CodeIgniter\Debug\Exceptions->errorHandler(2, 'Undefined array...', 'C:\\xampp\\htdocs...', 126)
#1 C:\xampp\htdocs\sig-agam\app\Controllers\Visualisasi.php(24): App\Controllers\Visualisasi->data_maps()
#2 C:\xampp\htdocs\sig-agam\system\CodeIgniter.php(832): App\Controllers\Visualisasi->index()
#3 C:\xampp\htdocs\sig-agam\system\CodeIgniter.php(419): CodeIgniter\CodeIgniter->runController(Object(App\Controllers\Visualisasi))
#4 C:\xampp\htdocs\sig-agam\system\CodeIgniter.php(326): CodeIgniter\CodeIgniter->handleRequest(NULL, Object(Config\Cache), false)
#5 C:\xampp\htdocs\sig-agam\public\index.php(37): CodeIgniter\CodeIgniter->run()
#6 {main}
CRITICAL - 2022-05-06 18:31:00 --> Undefined array key "nilai"
#0 C:\xampp\htdocs\sig-agam\app\Controllers\Visualisasi.php(126): CodeIgniter\Debug\Exceptions->errorHandler(2, 'Undefined array...', 'C:\\xampp\\htdocs...', 126)
#1 C:\xampp\htdocs\sig-agam\app\Controllers\Visualisasi.php(24): App\Controllers\Visualisasi->data_maps()
#2 C:\xampp\htdocs\sig-agam\system\CodeIgniter.php(832): App\Controllers\Visualisasi->index()
#3 C:\xampp\htdocs\sig-agam\system\CodeIgniter.php(419): CodeIgniter\CodeIgniter->runController(Object(App\Controllers\Visualisasi))
#4 C:\xampp\htdocs\sig-agam\system\CodeIgniter.php(326): CodeIgniter\CodeIgniter->handleRequest(NULL, Object(Config\Cache), false)
#5 C:\xampp\htdocs\sig-agam\public\index.php(37): CodeIgniter\CodeIgniter->run()
#6 {main}
CRITICAL - 2022-05-06 18:31:30 --> Undefined array key "nilai"
#0 C:\xampp\htdocs\sig-agam\app\Controllers\Visualisasi.php(126): CodeIgniter\Debug\Exceptions->errorHandler(2, 'Undefined array...', 'C:\\xampp\\htdocs...', 126)
#1 C:\xampp\htdocs\sig-agam\app\Controllers\Visualisasi.php(24): App\Controllers\Visualisasi->data_maps()
#2 C:\xampp\htdocs\sig-agam\system\CodeIgniter.php(832): App\Controllers\Visualisasi->index()
#3 C:\xampp\htdocs\sig-agam\system\CodeIgniter.php(419): CodeIgniter\CodeIgniter->runController(Object(App\Controllers\Visualisasi))
#4 C:\xampp\htdocs\sig-agam\system\CodeIgniter.php(326): CodeIgniter\CodeIgniter->handleRequest(NULL, Object(Config\Cache), false)
#5 C:\xampp\htdocs\sig-agam\public\index.php(37): CodeIgniter\CodeIgniter->run()
#6 {main}
CRITICAL - 2022-05-06 18:34:51 --> Attempt to read property "nilai" on array
#0 C:\xampp\htdocs\sig-agam\app\Controllers\Visualisasi.php(126): CodeIgniter\Debug\Exceptions->errorHandler(2, 'Attempt to read...', 'C:\\xampp\\htdocs...', 126)
#1 C:\xampp\htdocs\sig-agam\app\Controllers\Visualisasi.php(24): App\Controllers\Visualisasi->data_maps()
#2 C:\xampp\htdocs\sig-agam\system\CodeIgniter.php(832): App\Controllers\Visualisasi->index()
#3 C:\xampp\htdocs\sig-agam\system\CodeIgniter.php(419): CodeIgniter\CodeIgniter->runController(Object(App\Controllers\Visualisasi))
#4 C:\xampp\htdocs\sig-agam\system\CodeIgniter.php(326): CodeIgniter\CodeIgniter->handleRequest(NULL, Object(Config\Cache), false)
#5 C:\xampp\htdocs\sig-agam\public\index.php(37): CodeIgniter\CodeIgniter->run()
#6 {main}
CRITICAL - 2022-05-06 18:36:47 --> Array to string conversion
#0 C:\xampp\htdocs\sig-agam\app\Views\visualisasi\index.php(181): CodeIgniter\Debug\Exceptions->errorHandler(2, 'Array to string...', 'C:\\xampp\\htdocs...', 181)
#1 C:\xampp\htdocs\sig-agam\system\View\View.php(210): include('C:\\xampp\\htdocs...')
#2 C:\xampp\htdocs\sig-agam\system\View\View.php(213): CodeIgniter\View\View->CodeIgniter\View\{closure}()
#3 C:\xampp\htdocs\sig-agam\system\Common.php(1089): CodeIgniter\View\View->render('visualisasi/ind...', Array, true)
#4 C:\xampp\htdocs\sig-agam\app\Controllers\Visualisasi.php(27): view('visualisasi/ind...', Array)
#5 C:\xampp\htdocs\sig-agam\system\CodeIgniter.php(832): App\Controllers\Visualisasi->index()
#6 C:\xampp\htdocs\sig-agam\system\CodeIgniter.php(419): CodeIgniter\CodeIgniter->runController(Object(App\Controllers\Visualisasi))
#7 C:\xampp\htdocs\sig-agam\system\CodeIgniter.php(326): CodeIgniter\CodeIgniter->handleRequest(NULL, Object(Config\Cache), false)
#8 C:\xampp\htdocs\sig-agam\public\index.php(37): CodeIgniter\CodeIgniter->run()
#9 {main}
CRITICAL - 2022-05-06 18:38:32 --> Array to string conversion
#0 C:\xampp\htdocs\sig-agam\app\Views\visualisasi\index.php(181): CodeIgniter\Debug\Exceptions->errorHandler(2, 'Array to string...', 'C:\\xampp\\htdocs...', 181)
#1 C:\xampp\htdocs\sig-agam\system\View\View.php(210): include('C:\\xampp\\htdocs...')
#2 C:\xampp\htdocs\sig-agam\system\View\View.php(213): CodeIgniter\View\View->CodeIgniter\View\{closure}()
#3 C:\xampp\htdocs\sig-agam\system\Common.php(1089): CodeIgniter\View\View->render('visualisasi/ind...', Array, true)
#4 C:\xampp\htdocs\sig-agam\app\Controllers\Visualisasi.php(27): view('visualisasi/ind...', Array)
#5 C:\xampp\htdocs\sig-agam\system\CodeIgniter.php(832): App\Controllers\Visualisasi->index()
#6 C:\xampp\htdocs\sig-agam\system\CodeIgniter.php(419): CodeIgniter\CodeIgniter->runController(Object(App\Controllers\Visualisasi))
#7 C:\xampp\htdocs\sig-agam\system\CodeIgniter.php(326): CodeIgniter\CodeIgniter->handleRequest(NULL, Object(Config\Cache), false)
#8 C:\xampp\htdocs\sig-agam\public\index.php(37): CodeIgniter\CodeIgniter->run()
#9 {main}
CRITICAL - 2022-05-06 18:39:10 --> Array to string conversion
#0 C:\xampp\htdocs\sig-agam\app\Views\visualisasi\index.php(181): CodeIgniter\Debug\Exceptions->errorHandler(2, 'Array to string...', 'C:\\xampp\\htdocs...', 181)
#1 C:\xampp\htdocs\sig-agam\system\View\View.php(210): include('C:\\xampp\\htdocs...')
#2 C:\xampp\htdocs\sig-agam\system\View\View.php(213): CodeIgniter\View\View->CodeIgniter\View\{closure}()
#3 C:\xampp\htdocs\sig-agam\system\Common.php(1089): CodeIgniter\View\View->render('visualisasi/ind...', Array, true)
#4 C:\xampp\htdocs\sig-agam\app\Controllers\Visualisasi.php(27): view('visualisasi/ind...', Array)
#5 C:\xampp\htdocs\sig-agam\system\CodeIgniter.php(832): App\Controllers\Visualisasi->index()
#6 C:\xampp\htdocs\sig-agam\system\CodeIgniter.php(419): CodeIgniter\CodeIgniter->runController(Object(App\Controllers\Visualisasi))
#7 C:\xampp\htdocs\sig-agam\system\CodeIgniter.php(326): CodeIgniter\CodeIgniter->handleRequest(NULL, Object(Config\Cache), false)
#8 C:\xampp\htdocs\sig-agam\public\index.php(37): CodeIgniter\CodeIgniter->run()
#9 {main}
CRITICAL - 2022-05-06 18:41:30 --> Undefined array key "nilai"
#0 C:\xampp\htdocs\sig-agam\app\Controllers\Visualisasi.php(112): CodeIgniter\Debug\Exceptions->errorHandler(2, 'Undefined array...', 'C:\\xampp\\htdocs...', 112)
#1 C:\xampp\htdocs\sig-agam\app\Controllers\Visualisasi.php(23): App\Controllers\Visualisasi->data_tabel()
#2 C:\xampp\htdocs\sig-agam\system\CodeIgniter.php(832): App\Controllers\Visualisasi->index()
#3 C:\xampp\htdocs\sig-agam\system\CodeIgniter.php(419): CodeIgniter\CodeIgniter->runController(Object(App\Controllers\Visualisasi))
#4 C:\xampp\htdocs\sig-agam\system\CodeIgniter.php(326): CodeIgniter\CodeIgniter->handleRequest(NULL, Object(Config\Cache), false)
#5 C:\xampp\htdocs\sig-agam\public\index.php(37): CodeIgniter\CodeIgniter->run()
#6 {main}
CRITICAL - 2022-05-06 18:42:14 --> Undefined array key "nilai"
#0 C:\xampp\htdocs\sig-agam\app\Controllers\Visualisasi.php(114): CodeIgniter\Debug\Exceptions->errorHandler(2, 'Undefined array...', 'C:\\xampp\\htdocs...', 114)
#1 C:\xampp\htdocs\sig-agam\app\Controllers\Visualisasi.php(23): App\Controllers\Visualisasi->data_tabel()
#2 C:\xampp\htdocs\sig-agam\system\CodeIgniter.php(832): App\Controllers\Visualisasi->index()
#3 C:\xampp\htdocs\sig-agam\system\CodeIgniter.php(419): CodeIgniter\CodeIgniter->runController(Object(App\Controllers\Visualisasi))
#4 C:\xampp\htdocs\sig-agam\system\CodeIgniter.php(326): CodeIgniter\CodeIgniter->handleRequest(NULL, Object(Config\Cache), false)
#5 C:\xampp\htdocs\sig-agam\public\index.php(37): CodeIgniter\CodeIgniter->run()
#6 {main}
CRITICAL - 2022-05-06 18:46:28 --> Undefined variable $data_tabel
#0 C:\xampp\htdocs\sig-agam\app\Views\visualisasi\index.php(148): CodeIgniter\Debug\Exceptions->errorHandler(2, 'Undefined varia...', 'C:\\xampp\\htdocs...', 148)
#1 C:\xampp\htdocs\sig-agam\system\View\View.php(210): include('C:\\xampp\\htdocs...')
#2 C:\xampp\htdocs\sig-agam\system\View\View.php(213): CodeIgniter\View\View->CodeIgniter\View\{closure}()
#3 C:\xampp\htdocs\sig-agam\system\Common.php(1089): CodeIgniter\View\View->render('visualisasi/ind...', Array, true)
#4 C:\xampp\htdocs\sig-agam\app\Controllers\Visualisasi.php(25): view('visualisasi/ind...', Array)
#5 C:\xampp\htdocs\sig-agam\system\CodeIgniter.php(832): App\Controllers\Visualisasi->index()
#6 C:\xampp\htdocs\sig-agam\system\CodeIgniter.php(419): CodeIgniter\CodeIgniter->runController(Object(App\Controllers\Visualisasi))
#7 C:\xampp\htdocs\sig-agam\system\CodeIgniter.php(326): CodeIgniter\CodeIgniter->handleRequest(NULL, Object(Config\Cache), false)
#8 C:\xampp\htdocs\sig-agam\public\index.php(37): CodeIgniter\CodeIgniter->run()
#9 {main}
CRITICAL - 2022-05-06 18:47:17 --> unlink(C:\xampp\htdocs\sig-agam\writable\debugbar/debugbar_1651853858.json): No such file or directory
#0 [internal function]: CodeIgniter\Debug\Exceptions->errorHandler(2, 'unlink(C:\\xampp...', 'C:\\xampp\\htdocs...', 74)
#1 C:\xampp\htdocs\sig-agam\system\Debug\Toolbar\Collectors\History.php(74): unlink('C:\\xampp\\htdocs...')
#2 C:\xampp\htdocs\sig-agam\system\Debug\Toolbar.php(487): CodeIgniter\Debug\Toolbar\Collectors\History->setFiles(1651880823, 20)
#3 C:\xampp\htdocs\sig-agam\system\Debug\Toolbar.php(464): CodeIgniter\Debug\Toolbar->format(Array, 'html')
#4 C:\xampp\htdocs\sig-agam\app\Config\Events.php(48): CodeIgniter\Debug\Toolbar->respond()
#5 C:\xampp\htdocs\sig-agam\system\Events\Events.php(149): CodeIgniter\Events\Events::Config\{closure}()
#6 C:\xampp\htdocs\sig-agam\system\CodeIgniter.php(308): CodeIgniter\Events\Events::trigger('pre_system')
#7 C:\xampp\htdocs\sig-agam\public\index.php(37): CodeIgniter\CodeIgniter->run()
#8 {main}
CRITICAL - 2022-05-06 20:26:18 --> Undefined array key "result"
#0 C:\xampp\htdocs\sig-agam\app\Views\visualisasi\index.php(148): CodeIgniter\Debug\Exceptions->errorHandler(2, 'Undefined array...', 'C:\\xampp\\htdocs...', 148)
#1 C:\xampp\htdocs\sig-agam\system\View\View.php(210): include('C:\\xampp\\htdocs...')
#2 C:\xampp\htdocs\sig-agam\system\View\View.php(213): CodeIgniter\View\View->CodeIgniter\View\{closure}()
#3 C:\xampp\htdocs\sig-agam\system\Common.php(1089): CodeIgniter\View\View->render('visualisasi/ind...', Array, true)
#4 C:\xampp\htdocs\sig-agam\app\Controllers\Visualisasi.php(25): view('visualisasi/ind...', Array)
#5 C:\xampp\htdocs\sig-agam\system\CodeIgniter.php(832): App\Controllers\Visualisasi->index()
#6 C:\xampp\htdocs\sig-agam\system\CodeIgniter.php(419): CodeIgniter\CodeIgniter->runController(Object(App\Controllers\Visualisasi))
#7 C:\xampp\htdocs\sig-agam\system\CodeIgniter.php(326): CodeIgniter\CodeIgniter->handleRequest(NULL, Object(Config\Cache), false)
#8 C:\xampp\htdocs\sig-agam\public\index.php(37): CodeIgniter\CodeIgniter->run()
#9 {main}
