CRITICAL - 2022-05-05 23:33:51 --> Undefined variable $output
#0 C:\xampp\htdocs\sig-agam\app\Views\coba-geojson\coba.php(15): CodeIgniter\Debug\Exceptions->errorHandler(2, 'Undefined varia...', 'C:\\xampp\\htdocs...', 15)
#1 C:\xampp\htdocs\sig-agam\system\View\View.php(210): include('C:\\xampp\\htdocs...')
#2 C:\xampp\htdocs\sig-agam\system\View\View.php(213): CodeIgniter\View\View->CodeIgniter\View\{closure}()
#3 C:\xampp\htdocs\sig-agam\system\Common.php(1089): CodeIgniter\View\View->render('coba-geojson/co...', Array, true)
#4 C:\xampp\htdocs\sig-agam\app\Controllers\Coba.php(17): view('coba-geojson/co...', Array)
#5 C:\xampp\htdocs\sig-agam\system\CodeIgniter.php(832): App\Controllers\Coba->index()
#6 C:\xampp\htdocs\sig-agam\system\CodeIgniter.php(419): CodeIgniter\CodeIgniter->runController(Object(App\Controllers\Coba))
#7 C:\xampp\htdocs\sig-agam\system\CodeIgniter.php(326): CodeIgniter\CodeIgniter->handleRequest(NULL, Object(Config\Cache), false)
#8 C:\xampp\htdocs\sig-agam\public\index.php(37): CodeIgniter\CodeIgniter->run()
#9 {main}
CRITICAL - 2022-05-05 23:34:20 --> Undefined variable $output
#0 C:\xampp\htdocs\sig-agam\app\Views\coba-geojson\coba.php(15): CodeIgniter\Debug\Exceptions->errorHandler(2, 'Undefined varia...', 'C:\\xampp\\htdocs...', 15)
#1 C:\xampp\htdocs\sig-agam\system\View\View.php(210): include('C:\\xampp\\htdocs...')
#2 C:\xampp\htdocs\sig-agam\system\View\View.php(213): CodeIgniter\View\View->CodeIgniter\View\{closure}()
#3 C:\xampp\htdocs\sig-agam\system\Common.php(1089): CodeIgniter\View\View->render('coba-geojson/co...', Array, true)
#4 C:\xampp\htdocs\sig-agam\app\Controllers\Coba.php(17): view('coba-geojson/co...', Array)
#5 C:\xampp\htdocs\sig-agam\system\CodeIgniter.php(832): App\Controllers\Coba->index()
#6 C:\xampp\htdocs\sig-agam\system\CodeIgniter.php(419): CodeIgniter\CodeIgniter->runController(Object(App\Controllers\Coba))
#7 C:\xampp\htdocs\sig-agam\system\CodeIgniter.php(326): CodeIgniter\CodeIgniter->handleRequest(NULL, Object(Config\Cache), false)
#8 C:\xampp\htdocs\sig-agam\public\index.php(37): CodeIgniter\CodeIgniter->run()
#9 {main}
