CRITICAL - 2022-04-26 04:13:09 --> Trying to access array offset on value of type null
#0 C:\xampp\htdocs\sig-agam\app\Views\coba-geojson\coba.php(140): CodeIgniter\Debug\Exceptions->errorHandler(2, 'Trying to acces...', 'C:\\xampp\\htdocs...', 140)
#1 C:\xampp\htdocs\sig-agam\system\View\View.php(210): include('C:\\xampp\\htdocs...')
#2 C:\xampp\htdocs\sig-agam\system\View\View.php(213): CodeIgniter\View\View->CodeIgniter\View\{closure}()
#3 C:\xampp\htdocs\sig-agam\system\Common.php(1089): CodeIgniter\View\View->render('coba-geojson/co...', Array, true)
#4 C:\xampp\htdocs\sig-agam\app\Controllers\Coba.php(40): view('coba-geojson/co...', Array)
#5 C:\xampp\htdocs\sig-agam\system\CodeIgniter.php(832): App\Controllers\Coba->index()
#6 C:\xampp\htdocs\sig-agam\system\CodeIgniter.php(419): CodeIgniter\CodeIgniter->runController(Object(App\Controllers\Coba))
#7 C:\xampp\htdocs\sig-agam\system\CodeIgniter.php(326): CodeIgniter\CodeIgniter->handleRequest(NULL, Object(Config\Cache), false)
#8 C:\xampp\htdocs\sig-agam\public\index.php(37): CodeIgniter\CodeIgniter->run()
#9 {main}
CRITICAL - 2022-04-26 04:14:05 --> Trying to access array offset on value of type null
#0 C:\xampp\htdocs\sig-agam\app\Views\coba-geojson\coba.php(140): CodeIgniter\Debug\Exceptions->errorHandler(2, 'Trying to acces...', 'C:\\xampp\\htdocs...', 140)
#1 C:\xampp\htdocs\sig-agam\system\View\View.php(210): include('C:\\xampp\\htdocs...')
#2 C:\xampp\htdocs\sig-agam\system\View\View.php(213): CodeIgniter\View\View->CodeIgniter\View\{closure}()
#3 C:\xampp\htdocs\sig-agam\system\Common.php(1089): CodeIgniter\View\View->render('coba-geojson/co...', Array, true)
#4 C:\xampp\htdocs\sig-agam\app\Controllers\Coba.php(40): view('coba-geojson/co...', Array)
#5 C:\xampp\htdocs\sig-agam\system\CodeIgniter.php(832): App\Controllers\Coba->index()
#6 C:\xampp\htdocs\sig-agam\system\CodeIgniter.php(419): CodeIgniter\CodeIgniter->runController(Object(App\Controllers\Coba))
#7 C:\xampp\htdocs\sig-agam\system\CodeIgniter.php(326): CodeIgniter\CodeIgniter->handleRequest(NULL, Object(Config\Cache), false)
#8 C:\xampp\htdocs\sig-agam\public\index.php(37): CodeIgniter\CodeIgniter->run()
#9 {main}
CRITICAL - 2022-04-26 09:48:13 --> Trying to access array offset on value of type null
#0 C:\xampp\htdocs\sig-agam\app\Views\coba-geojson\coba.php(140): CodeIgniter\Debug\Exceptions->errorHandler(2, 'Trying to acces...', 'C:\\xampp\\htdocs...', 140)
#1 C:\xampp\htdocs\sig-agam\system\View\View.php(210): include('C:\\xampp\\htdocs...')
#2 C:\xampp\htdocs\sig-agam\system\View\View.php(213): CodeIgniter\View\View->CodeIgniter\View\{closure}()
#3 C:\xampp\htdocs\sig-agam\system\Common.php(1089): CodeIgniter\View\View->render('coba-geojson/co...', Array, true)
#4 C:\xampp\htdocs\sig-agam\app\Controllers\Coba.php(40): view('coba-geojson/co...', Array)
#5 C:\xampp\htdocs\sig-agam\system\CodeIgniter.php(832): App\Controllers\Coba->index()
#6 C:\xampp\htdocs\sig-agam\system\CodeIgniter.php(419): CodeIgniter\CodeIgniter->runController(Object(App\Controllers\Coba))
#7 C:\xampp\htdocs\sig-agam\system\CodeIgniter.php(326): CodeIgniter\CodeIgniter->handleRequest(NULL, Object(Config\Cache), false)
#8 C:\xampp\htdocs\sig-agam\public\index.php(37): CodeIgniter\CodeIgniter->run()
#9 {main}
CRITICAL - 2022-04-26 10:07:27 --> Undefined property: App\Controllers\Coba::$query
#0 C:\xampp\htdocs\sig-agam\app\Controllers\Coba.php(30): CodeIgniter\Debug\Exceptions->errorHandler(2, 'Undefined prope...', 'C:\\xampp\\htdocs...', 30)
#1 C:\xampp\htdocs\sig-agam\system\CodeIgniter.php(832): App\Controllers\Coba->index()
#2 C:\xampp\htdocs\sig-agam\system\CodeIgniter.php(419): CodeIgniter\CodeIgniter->runController(Object(App\Controllers\Coba))
#3 C:\xampp\htdocs\sig-agam\system\CodeIgniter.php(326): CodeIgniter\CodeIgniter->handleRequest(NULL, Object(Config\Cache), false)
#4 C:\xampp\htdocs\sig-agam\public\index.php(37): CodeIgniter\CodeIgniter->run()
#5 {main}
CRITICAL - 2022-04-26 10:12:28 --> Trying to access array offset on value of type null
#0 C:\xampp\htdocs\sig-agam\app\Views\coba-geojson\coba.php(140): CodeIgniter\Debug\Exceptions->errorHandler(2, 'Trying to acces...', 'C:\\xampp\\htdocs...', 140)
#1 C:\xampp\htdocs\sig-agam\system\View\View.php(210): include('C:\\xampp\\htdocs...')
#2 C:\xampp\htdocs\sig-agam\system\View\View.php(213): CodeIgniter\View\View->CodeIgniter\View\{closure}()
#3 C:\xampp\htdocs\sig-agam\system\Common.php(1089): CodeIgniter\View\View->render('coba-geojson/co...', Array, true)
#4 C:\xampp\htdocs\sig-agam\app\Controllers\Coba.php(41): view('coba-geojson/co...', Array)
#5 C:\xampp\htdocs\sig-agam\system\CodeIgniter.php(832): App\Controllers\Coba->index()
#6 C:\xampp\htdocs\sig-agam\system\CodeIgniter.php(419): CodeIgniter\CodeIgniter->runController(Object(App\Controllers\Coba))
#7 C:\xampp\htdocs\sig-agam\system\CodeIgniter.php(326): CodeIgniter\CodeIgniter->handleRequest(NULL, Object(Config\Cache), false)
#8 C:\xampp\htdocs\sig-agam\public\index.php(37): CodeIgniter\CodeIgniter->run()
#9 {main}
CRITICAL - 2022-04-26 10:48:35 --> Attempt to read property "id_kategori" on array
#0 C:\xampp\htdocs\sig-agam\app\Controllers\Coba.php(36): CodeIgniter\Debug\Exceptions->errorHandler(2, 'Attempt to read...', 'C:\\xampp\\htdocs...', 36)
#1 C:\xampp\htdocs\sig-agam\system\CodeIgniter.php(832): App\Controllers\Coba->index()
#2 C:\xampp\htdocs\sig-agam\system\CodeIgniter.php(419): CodeIgniter\CodeIgniter->runController(Object(App\Controllers\Coba))
#3 C:\xampp\htdocs\sig-agam\system\CodeIgniter.php(326): CodeIgniter\CodeIgniter->handleRequest(NULL, Object(Config\Cache), false)
#4 C:\xampp\htdocs\sig-agam\public\index.php(37): CodeIgniter\CodeIgniter->run()
#5 {main}
CRITICAL - 2022-04-26 12:26:07 --> Undefined array key "id"
#0 C:\xampp\htdocs\sig-agam\app\Controllers\Coba.php(36): CodeIgniter\Debug\Exceptions->errorHandler(2, 'Undefined array...', 'C:\\xampp\\htdocs...', 36)
#1 C:\xampp\htdocs\sig-agam\system\CodeIgniter.php(832): App\Controllers\Coba->index()
#2 C:\xampp\htdocs\sig-agam\system\CodeIgniter.php(419): CodeIgniter\CodeIgniter->runController(Object(App\Controllers\Coba))
#3 C:\xampp\htdocs\sig-agam\system\CodeIgniter.php(326): CodeIgniter\CodeIgniter->handleRequest(NULL, Object(Config\Cache), false)
#4 C:\xampp\htdocs\sig-agam\public\index.php(37): CodeIgniter\CodeIgniter->run()
#5 {main}
CRITICAL - 2022-04-26 12:31:04 --> Undefined array key "id_tahun"
#0 C:\xampp\htdocs\sig-agam\app\Controllers\Coba.php(36): CodeIgniter\Debug\Exceptions->errorHandler(2, 'Undefined array...', 'C:\\xampp\\htdocs...', 36)
#1 C:\xampp\htdocs\sig-agam\system\CodeIgniter.php(832): App\Controllers\Coba->index()
#2 C:\xampp\htdocs\sig-agam\system\CodeIgniter.php(419): CodeIgniter\CodeIgniter->runController(Object(App\Controllers\Coba))
#3 C:\xampp\htdocs\sig-agam\system\CodeIgniter.php(326): CodeIgniter\CodeIgniter->handleRequest(NULL, Object(Config\Cache), false)
#4 C:\xampp\htdocs\sig-agam\public\index.php(37): CodeIgniter\CodeIgniter->run()
#5 {main}
CRITICAL - 2022-04-26 12:32:31 --> Undefined variable $id
#0 C:\xampp\htdocs\sig-agam\app\Controllers\Coba.php(45): CodeIgniter\Debug\Exceptions->errorHandler(2, 'Undefined varia...', 'C:\\xampp\\htdocs...', 45)
#1 C:\xampp\htdocs\sig-agam\system\CodeIgniter.php(832): App\Controllers\Coba->index()
#2 C:\xampp\htdocs\sig-agam\system\CodeIgniter.php(419): CodeIgniter\CodeIgniter->runController(Object(App\Controllers\Coba))
#3 C:\xampp\htdocs\sig-agam\system\CodeIgniter.php(326): CodeIgniter\CodeIgniter->handleRequest(NULL, Object(Config\Cache), false)
#4 C:\xampp\htdocs\sig-agam\public\index.php(37): CodeIgniter\CodeIgniter->run()
#5 {main}
CRITICAL - 2022-04-26 13:18:33 --> Undefined variable $id_var
#0 C:\xampp\htdocs\sig-agam\app\Controllers\Coba.php(36): CodeIgniter\Debug\Exceptions->errorHandler(2, 'Undefined varia...', 'C:\\xampp\\htdocs...', 36)
#1 C:\xampp\htdocs\sig-agam\system\CodeIgniter.php(832): App\Controllers\Coba->index()
#2 C:\xampp\htdocs\sig-agam\system\CodeIgniter.php(419): CodeIgniter\CodeIgniter->runController(Object(App\Controllers\Coba))
#3 C:\xampp\htdocs\sig-agam\system\CodeIgniter.php(326): CodeIgniter\CodeIgniter->handleRequest(NULL, Object(Config\Cache), false)
#4 C:\xampp\htdocs\sig-agam\public\index.php(37): CodeIgniter\CodeIgniter->run()
#5 {main}
CRITICAL - 2022-04-26 13:25:57 --> Array to string conversion
#0 C:\xampp\htdocs\sig-agam\app\Views\coba-geojson\coba.php(152): CodeIgniter\Debug\Exceptions->errorHandler(2, 'Array to string...', 'C:\\xampp\\htdocs...', 152)
#1 C:\xampp\htdocs\sig-agam\system\View\View.php(210): include('C:\\xampp\\htdocs...')
#2 C:\xampp\htdocs\sig-agam\system\View\View.php(213): CodeIgniter\View\View->CodeIgniter\View\{closure}()
#3 C:\xampp\htdocs\sig-agam\system\Common.php(1089): CodeIgniter\View\View->render('coba-geojson/co...', Array, true)
#4 C:\xampp\htdocs\sig-agam\app\Controllers\Coba.php(41): view('coba-geojson/co...', Array)
#5 C:\xampp\htdocs\sig-agam\system\CodeIgniter.php(832): App\Controllers\Coba->index()
#6 C:\xampp\htdocs\sig-agam\system\CodeIgniter.php(419): CodeIgniter\CodeIgniter->runController(Object(App\Controllers\Coba))
#7 C:\xampp\htdocs\sig-agam\system\CodeIgniter.php(326): CodeIgniter\CodeIgniter->handleRequest(NULL, Object(Config\Cache), false)
#8 C:\xampp\htdocs\sig-agam\public\index.php(37): CodeIgniter\CodeIgniter->run()
#9 {main}
CRITICAL - 2022-04-26 13:28:13 --> Undefined array key "kecamatan"
#0 C:\xampp\htdocs\sig-agam\app\Views\coba-geojson\coba.php(159): CodeIgniter\Debug\Exceptions->errorHandler(2, 'Undefined array...', 'C:\\xampp\\htdocs...', 159)
#1 C:\xampp\htdocs\sig-agam\system\View\View.php(210): include('C:\\xampp\\htdocs...')
#2 C:\xampp\htdocs\sig-agam\system\View\View.php(213): CodeIgniter\View\View->CodeIgniter\View\{closure}()
#3 C:\xampp\htdocs\sig-agam\system\Common.php(1089): CodeIgniter\View\View->render('coba-geojson/co...', Array, true)
#4 C:\xampp\htdocs\sig-agam\app\Controllers\Coba.php(41): view('coba-geojson/co...', Array)
#5 C:\xampp\htdocs\sig-agam\system\CodeIgniter.php(832): App\Controllers\Coba->index()
#6 C:\xampp\htdocs\sig-agam\system\CodeIgniter.php(419): CodeIgniter\CodeIgniter->runController(Object(App\Controllers\Coba))
#7 C:\xampp\htdocs\sig-agam\system\CodeIgniter.php(326): CodeIgniter\CodeIgniter->handleRequest(NULL, Object(Config\Cache), false)
#8 C:\xampp\htdocs\sig-agam\public\index.php(37): CodeIgniter\CodeIgniter->run()
#9 {main}
CRITICAL - 2022-04-26 13:55:18 --> foreach() argument must be of type array|object, int given
#0 C:\xampp\htdocs\sig-agam\app\Views\coba-geojson\coba.php(157): CodeIgniter\Debug\Exceptions->errorHandler(2, 'foreach() argum...', 'C:\\xampp\\htdocs...', 157)
#1 C:\xampp\htdocs\sig-agam\system\View\View.php(210): include('C:\\xampp\\htdocs...')
#2 C:\xampp\htdocs\sig-agam\system\View\View.php(213): CodeIgniter\View\View->CodeIgniter\View\{closure}()
#3 C:\xampp\htdocs\sig-agam\system\Common.php(1089): CodeIgniter\View\View->render('coba-geojson/co...', Array, true)
#4 C:\xampp\htdocs\sig-agam\app\Controllers\Coba.php(36): view('coba-geojson/co...', Array)
#5 C:\xampp\htdocs\sig-agam\system\CodeIgniter.php(832): App\Controllers\Coba->index()
#6 C:\xampp\htdocs\sig-agam\system\CodeIgniter.php(419): CodeIgniter\CodeIgniter->runController(Object(App\Controllers\Coba))
#7 C:\xampp\htdocs\sig-agam\system\CodeIgniter.php(326): CodeIgniter\CodeIgniter->handleRequest(NULL, Object(Config\Cache), false)
#8 C:\xampp\htdocs\sig-agam\public\index.php(37): CodeIgniter\CodeIgniter->run()
#9 {main}
CRITICAL - 2022-04-26 14:02:44 --> Undefined variable $id_var
#0 C:\xampp\htdocs\sig-agam\app\Controllers\Coba.php(91): CodeIgniter\Debug\Exceptions->errorHandler(2, 'Undefined varia...', 'C:\\xampp\\htdocs...', 91)
#1 C:\xampp\htdocs\sig-agam\app\Controllers\Coba.php(32): App\Controllers\Coba->tampilkan()
#2 C:\xampp\htdocs\sig-agam\system\CodeIgniter.php(832): App\Controllers\Coba->index()
#3 C:\xampp\htdocs\sig-agam\system\CodeIgniter.php(419): CodeIgniter\CodeIgniter->runController(Object(App\Controllers\Coba))
#4 C:\xampp\htdocs\sig-agam\system\CodeIgniter.php(326): CodeIgniter\CodeIgniter->handleRequest(NULL, Object(Config\Cache), false)
#5 C:\xampp\htdocs\sig-agam\public\index.php(37): CodeIgniter\CodeIgniter->run()
#6 {main}
CRITICAL - 2022-04-26 14:07:42 --> Undefined variable $output
#0 C:\xampp\htdocs\sig-agam\app\Controllers\Coba.php(93): CodeIgniter\Debug\Exceptions->errorHandler(2, 'Undefined varia...', 'C:\\xampp\\htdocs...', 93)
#1 C:\xampp\htdocs\sig-agam\app\Controllers\Coba.php(32): App\Controllers\Coba->tampilkan()
#2 C:\xampp\htdocs\sig-agam\system\CodeIgniter.php(832): App\Controllers\Coba->index()
#3 C:\xampp\htdocs\sig-agam\system\CodeIgniter.php(419): CodeIgniter\CodeIgniter->runController(Object(App\Controllers\Coba))
#4 C:\xampp\htdocs\sig-agam\system\CodeIgniter.php(326): CodeIgniter\CodeIgniter->handleRequest(NULL, Object(Config\Cache), false)
#5 C:\xampp\htdocs\sig-agam\public\index.php(37): CodeIgniter\CodeIgniter->run()
#6 {main}
CRITICAL - 2022-04-26 14:08:03 --> Undefined property: App\Controllers\Coba::$output
#0 C:\xampp\htdocs\sig-agam\app\Controllers\Coba.php(93): CodeIgniter\Debug\Exceptions->errorHandler(2, 'Undefined prope...', 'C:\\xampp\\htdocs...', 93)
#1 C:\xampp\htdocs\sig-agam\app\Controllers\Coba.php(32): App\Controllers\Coba->tampilkan()
#2 C:\xampp\htdocs\sig-agam\system\CodeIgniter.php(832): App\Controllers\Coba->index()
#3 C:\xampp\htdocs\sig-agam\system\CodeIgniter.php(419): CodeIgniter\CodeIgniter->runController(Object(App\Controllers\Coba))
#4 C:\xampp\htdocs\sig-agam\system\CodeIgniter.php(326): CodeIgniter\CodeIgniter->handleRequest(NULL, Object(Config\Cache), false)
#5 C:\xampp\htdocs\sig-agam\public\index.php(37): CodeIgniter\CodeIgniter->run()
#6 {main}
CRITICAL - 2022-04-26 14:45:12 --> Array to string conversion
#0 C:\xampp\htdocs\sig-agam\app\Views\visualisasi\index.php(134): CodeIgniter\Debug\Exceptions->errorHandler(2, 'Array to string...', 'C:\\xampp\\htdocs...', 134)
#1 C:\xampp\htdocs\sig-agam\system\View\View.php(210): include('C:\\xampp\\htdocs...')
#2 C:\xampp\htdocs\sig-agam\system\View\View.php(213): CodeIgniter\View\View->CodeIgniter\View\{closure}()
#3 C:\xampp\htdocs\sig-agam\system\Common.php(1089): CodeIgniter\View\View->render('visualisasi/ind...', Array, true)
#4 C:\xampp\htdocs\sig-agam\app\Controllers\Visualisasi.php(31): view('visualisasi/ind...', Array)
#5 C:\xampp\htdocs\sig-agam\system\CodeIgniter.php(832): App\Controllers\Visualisasi->index()
#6 C:\xampp\htdocs\sig-agam\system\CodeIgniter.php(419): CodeIgniter\CodeIgniter->runController(Object(App\Controllers\Visualisasi))
#7 C:\xampp\htdocs\sig-agam\system\CodeIgniter.php(326): CodeIgniter\CodeIgniter->handleRequest(NULL, Object(Config\Cache), false)
#8 C:\xampp\htdocs\sig-agam\public\index.php(37): CodeIgniter\CodeIgniter->run()
#9 {main}
