CRITICAL - 2022-05-16 02:30:35 --> Undefined array key "id_indikator"
#0 C:\xampp\htdocs\sig-agam\app\Controllers\Dropdown.php(92): CodeIgniter\Debug\Exceptions->errorHandler(2, 'Undefined array...', 'C:\\xampp\\htdocs...', 92)
#1 C:\xampp\htdocs\sig-agam\app\Controllers\Dropdown.php(23): App\Controllers\Dropdown->getMenu2(4, '<ul id='kategor...')
#2 C:\xampp\htdocs\sig-agam\vendor\codeigniter4\framework\system\CodeIgniter.php(832): App\Controllers\Dropdown->index()
#3 C:\xampp\htdocs\sig-agam\vendor\codeigniter4\framework\system\CodeIgniter.php(419): CodeIgniter\CodeIgniter->runController(Object(App\Controllers\Dropdown))
#4 C:\xampp\htdocs\sig-agam\vendor\codeigniter4\framework\system\CodeIgniter.php(326): CodeIgniter\CodeIgniter->handleRequest(NULL, Object(Config\Cache), false)
#5 C:\xampp\htdocs\sig-agam\public\index.php(37): CodeIgniter\CodeIgniter->run()
#6 {main}
CRITICAL - 2022-05-16 02:31:54 --> Undefined array key "id_var"
#0 C:\xampp\htdocs\sig-agam\app\Controllers\Dropdown.php(108): CodeIgniter\Debug\Exceptions->errorHandler(2, 'Undefined array...', 'C:\\xampp\\htdocs...', 108)
#1 C:\xampp\htdocs\sig-agam\app\Controllers\Dropdown.php(23): App\Controllers\Dropdown->getMenu2(4, '<ul id='kategor...')
#2 C:\xampp\htdocs\sig-agam\vendor\codeigniter4\framework\system\CodeIgniter.php(832): App\Controllers\Dropdown->index()
#3 C:\xampp\htdocs\sig-agam\vendor\codeigniter4\framework\system\CodeIgniter.php(419): CodeIgniter\CodeIgniter->runController(Object(App\Controllers\Dropdown))
#4 C:\xampp\htdocs\sig-agam\vendor\codeigniter4\framework\system\CodeIgniter.php(326): CodeIgniter\CodeIgniter->handleRequest(NULL, Object(Config\Cache), false)
#5 C:\xampp\htdocs\sig-agam\public\index.php(37): CodeIgniter\CodeIgniter->run()
#6 {main}
CRITICAL - 2022-05-16 05:20:28 --> Undefined variable $data_kec
#0 C:\xampp\htdocs\sig-agam\app\Views\admin\data-kda\index.php(56): CodeIgniter\Debug\Exceptions->errorHandler(2, 'Undefined varia...', 'C:\\xampp\\htdocs...', 56)
#1 C:\xampp\htdocs\sig-agam\vendor\codeigniter4\framework\system\View\View.php(210): include('C:\\xampp\\htdocs...')
#2 C:\xampp\htdocs\sig-agam\vendor\codeigniter4\framework\system\View\View.php(213): CodeIgniter\View\View->CodeIgniter\View\{closure}()
#3 C:\xampp\htdocs\sig-agam\vendor\codeigniter4\framework\system\Common.php(1089): CodeIgniter\View\View->render('admin/data-kda/...', Array, true)
#4 C:\xampp\htdocs\sig-agam\app\Controllers\Data.php(85): view('admin/data-kda/...', Array)
#5 C:\xampp\htdocs\sig-agam\vendor\codeigniter4\framework\system\CodeIgniter.php(832): App\Controllers\Data->import()
#6 C:\xampp\htdocs\sig-agam\vendor\codeigniter4\framework\system\CodeIgniter.php(419): CodeIgniter\CodeIgniter->runController(Object(App\Controllers\Data))
#7 C:\xampp\htdocs\sig-agam\vendor\codeigniter4\framework\system\CodeIgniter.php(326): CodeIgniter\CodeIgniter->handleRequest(NULL, Object(Config\Cache), false)
#8 C:\xampp\htdocs\sig-agam\public\index.php(37): CodeIgniter\CodeIgniter->run()
#9 {main}
CRITICAL - 2022-05-16 08:50:43 --> Undefined variable $data_kec
#0 C:\xampp\htdocs\sig-agam\app\Views\admin\data-kda\index.php(56): CodeIgniter\Debug\Exceptions->errorHandler(2, 'Undefined varia...', 'C:\\xampp\\htdocs...', 56)
#1 C:\xampp\htdocs\sig-agam\vendor\codeigniter4\framework\system\View\View.php(210): include('C:\\xampp\\htdocs...')
#2 C:\xampp\htdocs\sig-agam\vendor\codeigniter4\framework\system\View\View.php(213): CodeIgniter\View\View->CodeIgniter\View\{closure}()
#3 C:\xampp\htdocs\sig-agam\vendor\codeigniter4\framework\system\Common.php(1089): CodeIgniter\View\View->render('admin/data-kda/...', Array, true)
#4 C:\xampp\htdocs\sig-agam\app\Controllers\Data.php(87): view('admin/data-kda/...', Array)
#5 C:\xampp\htdocs\sig-agam\vendor\codeigniter4\framework\system\CodeIgniter.php(832): App\Controllers\Data->import()
#6 C:\xampp\htdocs\sig-agam\vendor\codeigniter4\framework\system\CodeIgniter.php(419): CodeIgniter\CodeIgniter->runController(Object(App\Controllers\Data))
#7 C:\xampp\htdocs\sig-agam\vendor\codeigniter4\framework\system\CodeIgniter.php(326): CodeIgniter\CodeIgniter->handleRequest(NULL, Object(Config\Cache), false)
#8 C:\xampp\htdocs\sig-agam\public\index.php(37): CodeIgniter\CodeIgniter->run()
#9 {main}
CRITICAL - 2022-05-16 08:52:03 --> Undefined variable $currentAdminMenu
#0 C:\xampp\htdocs\sig-agam\app\Views\templates\sidebar.php(18): CodeIgniter\Debug\Exceptions->errorHandler(2, 'Undefined varia...', 'C:\\xampp\\htdocs...', 18)
#1 C:\xampp\htdocs\sig-agam\vendor\codeigniter4\framework\system\View\View.php(210): include('C:\\xampp\\htdocs...')
#2 C:\xampp\htdocs\sig-agam\vendor\codeigniter4\framework\system\View\View.php(213): CodeIgniter\View\View->CodeIgniter\View\{closure}()
#3 C:\xampp\htdocs\sig-agam\vendor\codeigniter4\framework\system\View\View.php(424): CodeIgniter\View\View->render('templates/sideb...', NULL, true)
#4 C:\xampp\htdocs\sig-agam\app\Views\templates\layout.php(18): CodeIgniter\View\View->include('templates/sideb...')
#5 C:\xampp\htdocs\sig-agam\vendor\codeigniter4\framework\system\View\View.php(210): include('C:\\xampp\\htdocs...')
#6 C:\xampp\htdocs\sig-agam\vendor\codeigniter4\framework\system\View\View.php(213): CodeIgniter\View\View->CodeIgniter\View\{closure}()
#7 C:\xampp\htdocs\sig-agam\vendor\codeigniter4\framework\system\View\View.php(226): CodeIgniter\View\View->render('templates/layou...', Array, true)
#8 C:\xampp\htdocs\sig-agam\vendor\codeigniter4\framework\system\Common.php(1089): CodeIgniter\View\View->render('admin/data-kda/...', Array, true)
#9 C:\xampp\htdocs\sig-agam\app\Controllers\Data.php(87): view('admin/data-kda/...', Array)
#10 C:\xampp\htdocs\sig-agam\vendor\codeigniter4\framework\system\CodeIgniter.php(832): App\Controllers\Data->import()
#11 C:\xampp\htdocs\sig-agam\vendor\codeigniter4\framework\system\CodeIgniter.php(419): CodeIgniter\CodeIgniter->runController(Object(App\Controllers\Data))
#12 C:\xampp\htdocs\sig-agam\vendor\codeigniter4\framework\system\CodeIgniter.php(326): CodeIgniter\CodeIgniter->handleRequest(NULL, Object(Config\Cache), false)
#13 C:\xampp\htdocs\sig-agam\public\index.php(37): CodeIgniter\CodeIgniter->run()
#14 {main}
CRITICAL - 2022-05-16 08:59:26 --> Undefined variable $data_kec
#0 C:\xampp\htdocs\sig-agam\app\Views\admin\data-kda\index.php(61): CodeIgniter\Debug\Exceptions->errorHandler(2, 'Undefined varia...', 'C:\\xampp\\htdocs...', 61)
#1 C:\xampp\htdocs\sig-agam\vendor\codeigniter4\framework\system\View\View.php(210): include('C:\\xampp\\htdocs...')
#2 C:\xampp\htdocs\sig-agam\vendor\codeigniter4\framework\system\View\View.php(213): CodeIgniter\View\View->CodeIgniter\View\{closure}()
#3 C:\xampp\htdocs\sig-agam\vendor\codeigniter4\framework\system\Common.php(1089): CodeIgniter\View\View->render('admin/data-kda/...', Array, true)
#4 C:\xampp\htdocs\sig-agam\app\Controllers\Data.php(87): view('admin/data-kda/...', Array)
#5 C:\xampp\htdocs\sig-agam\vendor\codeigniter4\framework\system\CodeIgniter.php(832): App\Controllers\Data->import()
#6 C:\xampp\htdocs\sig-agam\vendor\codeigniter4\framework\system\CodeIgniter.php(419): CodeIgniter\CodeIgniter->runController(Object(App\Controllers\Data))
#7 C:\xampp\htdocs\sig-agam\vendor\codeigniter4\framework\system\CodeIgniter.php(326): CodeIgniter\CodeIgniter->handleRequest(NULL, Object(Config\Cache), false)
#8 C:\xampp\htdocs\sig-agam\public\index.php(37): CodeIgniter\CodeIgniter->run()
#9 {main}
CRITICAL - 2022-05-16 09:00:54 --> Undefined variable $currentAdminMenu
#0 C:\xampp\htdocs\sig-agam\app\Views\templates\sidebar.php(18): CodeIgniter\Debug\Exceptions->errorHandler(2, 'Undefined varia...', 'C:\\xampp\\htdocs...', 18)
#1 C:\xampp\htdocs\sig-agam\vendor\codeigniter4\framework\system\View\View.php(210): include('C:\\xampp\\htdocs...')
#2 C:\xampp\htdocs\sig-agam\vendor\codeigniter4\framework\system\View\View.php(213): CodeIgniter\View\View->CodeIgniter\View\{closure}()
#3 C:\xampp\htdocs\sig-agam\vendor\codeigniter4\framework\system\View\View.php(424): CodeIgniter\View\View->render('templates/sideb...', NULL, true)
#4 C:\xampp\htdocs\sig-agam\app\Views\templates\layout.php(18): CodeIgniter\View\View->include('templates/sideb...')
#5 C:\xampp\htdocs\sig-agam\vendor\codeigniter4\framework\system\View\View.php(210): include('C:\\xampp\\htdocs...')
#6 C:\xampp\htdocs\sig-agam\vendor\codeigniter4\framework\system\View\View.php(213): CodeIgniter\View\View->CodeIgniter\View\{closure}()
#7 C:\xampp\htdocs\sig-agam\vendor\codeigniter4\framework\system\View\View.php(226): CodeIgniter\View\View->render('templates/layou...', Array, true)
#8 C:\xampp\htdocs\sig-agam\vendor\codeigniter4\framework\system\Common.php(1089): CodeIgniter\View\View->render('admin/data-kda/...', Array, true)
#9 C:\xampp\htdocs\sig-agam\app\Controllers\Data.php(87): view('admin/data-kda/...', Array)
#10 C:\xampp\htdocs\sig-agam\vendor\codeigniter4\framework\system\CodeIgniter.php(832): App\Controllers\Data->import()
#11 C:\xampp\htdocs\sig-agam\vendor\codeigniter4\framework\system\CodeIgniter.php(419): CodeIgniter\CodeIgniter->runController(Object(App\Controllers\Data))
#12 C:\xampp\htdocs\sig-agam\vendor\codeigniter4\framework\system\CodeIgniter.php(326): CodeIgniter\CodeIgniter->handleRequest(NULL, Object(Config\Cache), false)
#13 C:\xampp\htdocs\sig-agam\public\index.php(37): CodeIgniter\CodeIgniter->run()
#14 {main}
CRITICAL - 2022-05-16 19:05:48 --> Invalid file: login/index.php
#0 C:\xampp\htdocs\sig-agam\vendor\codeigniter4\framework\system\View\View.php(198): CodeIgniter\Exceptions\FrameworkException::forInvalidFile('login/index.php')
#1 C:\xampp\htdocs\sig-agam\vendor\codeigniter4\framework\system\Common.php(1089): CodeIgniter\View\View->render('login/index', Array, true)
#2 C:\xampp\htdocs\sig-agam\app\Controllers\Login.php(12): view('login/index')
#3 C:\xampp\htdocs\sig-agam\vendor\codeigniter4\framework\system\CodeIgniter.php(832): App\Controllers\Login->index()
#4 C:\xampp\htdocs\sig-agam\vendor\codeigniter4\framework\system\CodeIgniter.php(419): CodeIgniter\CodeIgniter->runController(Object(App\Controllers\Login))
#5 C:\xampp\htdocs\sig-agam\vendor\codeigniter4\framework\system\CodeIgniter.php(326): CodeIgniter\CodeIgniter->handleRequest(NULL, Object(Config\Cache), false)
#6 C:\xampp\htdocs\sig-agam\public\index.php(37): CodeIgniter\CodeIgniter->run()
#7 {main}
CRITICAL - 2022-05-16 20:44:43 --> Cannot declare class App\Controllers\Import, because the name is already in use
#0 [internal function]: CodeIgniter\Debug\Exceptions->shutdownHandler()
#1 {main}
CRITICAL - 2022-05-16 20:45:07 --> Invalid file: view_import.php
#0 C:\xampp\htdocs\sig-agam\vendor\codeigniter4\framework\system\View\View.php(198): CodeIgniter\Exceptions\FrameworkException::forInvalidFile('view_import.php')
#1 C:\xampp\htdocs\sig-agam\vendor\codeigniter4\framework\system\Common.php(1089): CodeIgniter\View\View->render('view_import', Array, true)
#2 C:\xampp\htdocs\sig-agam\app\Controllers\CobaImport.php(25): view('view_import', Array)
#3 C:\xampp\htdocs\sig-agam\vendor\codeigniter4\framework\system\CodeIgniter.php(832): App\Controllers\CobaImport->index()
#4 C:\xampp\htdocs\sig-agam\vendor\codeigniter4\framework\system\CodeIgniter.php(419): CodeIgniter\CodeIgniter->runController(Object(App\Controllers\CobaImport))
#5 C:\xampp\htdocs\sig-agam\vendor\codeigniter4\framework\system\CodeIgniter.php(326): CodeIgniter\CodeIgniter->handleRequest(NULL, Object(Config\Cache), false)
#6 C:\xampp\htdocs\sig-agam\public\index.php(37): CodeIgniter\CodeIgniter->run()
#7 {main}
CRITICAL - 2022-05-16 20:45:57 --> Call to undefined function form_open_multipart()
#0 C:\xampp\htdocs\sig-agam\vendor\codeigniter4\framework\system\View\View.php(210): include()
#1 C:\xampp\htdocs\sig-agam\vendor\codeigniter4\framework\system\View\View.php(213): CodeIgniter\View\View->CodeIgniter\View\{closure}()
#2 C:\xampp\htdocs\sig-agam\vendor\codeigniter4\framework\system\Common.php(1089): CodeIgniter\View\View->render('admin\\data-kda\\...', Array, true)
#3 C:\xampp\htdocs\sig-agam\app\Controllers\CobaImport.php(25): view('admin\\data-kda\\...', Array)
#4 C:\xampp\htdocs\sig-agam\vendor\codeigniter4\framework\system\CodeIgniter.php(832): App\Controllers\CobaImport->index()
#5 C:\xampp\htdocs\sig-agam\vendor\codeigniter4\framework\system\CodeIgniter.php(419): CodeIgniter\CodeIgniter->runController(Object(App\Controllers\CobaImport))
#6 C:\xampp\htdocs\sig-agam\vendor\codeigniter4\framework\system\CodeIgniter.php(326): CodeIgniter\CodeIgniter->handleRequest(NULL, Object(Config\Cache), false)
#7 C:\xampp\htdocs\sig-agam\public\index.php(37): CodeIgniter\CodeIgniter->run()
#8 {main}
CRITICAL - 2022-05-16 20:46:26 --> Undefined array key "nim"
#0 C:\xampp\htdocs\sig-agam\app\Views\admin\data-kda\cobaImport.php(94): CodeIgniter\Debug\Exceptions->errorHandler(2, 'Undefined array...', 'C:\\xampp\\htdocs...', 94)
#1 C:\xampp\htdocs\sig-agam\vendor\codeigniter4\framework\system\View\View.php(210): include('C:\\xampp\\htdocs...')
#2 C:\xampp\htdocs\sig-agam\vendor\codeigniter4\framework\system\View\View.php(213): CodeIgniter\View\View->CodeIgniter\View\{closure}()
#3 C:\xampp\htdocs\sig-agam\vendor\codeigniter4\framework\system\Common.php(1089): CodeIgniter\View\View->render('admin\\data-kda\\...', Array, true)
#4 C:\xampp\htdocs\sig-agam\app\Controllers\CobaImport.php(25): view('admin\\data-kda\\...', Array)
#5 C:\xampp\htdocs\sig-agam\vendor\codeigniter4\framework\system\CodeIgniter.php(832): App\Controllers\CobaImport->index()
#6 C:\xampp\htdocs\sig-agam\vendor\codeigniter4\framework\system\CodeIgniter.php(419): CodeIgniter\CodeIgniter->runController(Object(App\Controllers\CobaImport))
#7 C:\xampp\htdocs\sig-agam\vendor\codeigniter4\framework\system\CodeIgniter.php(326): CodeIgniter\CodeIgniter->handleRequest(NULL, Object(Config\Cache), false)
#8 C:\xampp\htdocs\sig-agam\public\index.php(37): CodeIgniter\CodeIgniter->run()
#9 {main}
ERROR - 2022-05-16 20:52:51 --> Duplicate entry '0' for key 'PRIMARY'
CRITICAL - 2022-05-16 20:52:51 --> Duplicate entry '0' for key 'PRIMARY'
#0 C:\xampp\htdocs\sig-agam\vendor\codeigniter4\framework\system\Database\MySQLi\Connection.php(292): mysqli->query('INSERT INTO `tb...', 0)
#1 C:\xampp\htdocs\sig-agam\vendor\codeigniter4\framework\system\Database\BaseConnection.php(670): CodeIgniter\Database\MySQLi\Connection->execute('INSERT INTO `tb...')
#2 C:\xampp\htdocs\sig-agam\vendor\codeigniter4\framework\system\Database\BaseConnection.php(598): CodeIgniter\Database\BaseConnection->simpleQuery('INSERT INTO `tb...')
#3 C:\xampp\htdocs\sig-agam\vendor\codeigniter4\framework\system\Database\BaseBuilder.php(1771): CodeIgniter\Database\BaseConnection->query('INSERT INTO `tb...', Array, false)
#4 C:\xampp\htdocs\sig-agam\vendor\codeigniter4\framework\system\Model.php(239): CodeIgniter\Database\BaseBuilder->insert()
#5 C:\xampp\htdocs\sig-agam\vendor\codeigniter4\framework\system\BaseModel.php(738): CodeIgniter\Model->doInsert(Array)
#6 C:\xampp\htdocs\sig-agam\vendor\codeigniter4\framework\system\Model.php(625): CodeIgniter\BaseModel->insert(Array, true)
#7 C:\xampp\htdocs\sig-agam\app\Controllers\CobaImport.php(83): CodeIgniter\Model->insert(Array)
#8 C:\xampp\htdocs\sig-agam\vendor\codeigniter4\framework\system\CodeIgniter.php(832): App\Controllers\CobaImport->upload()
#9 C:\xampp\htdocs\sig-agam\vendor\codeigniter4\framework\system\CodeIgniter.php(419): CodeIgniter\CodeIgniter->runController(Object(App\Controllers\CobaImport))
#10 C:\xampp\htdocs\sig-agam\vendor\codeigniter4\framework\system\CodeIgniter.php(326): CodeIgniter\CodeIgniter->handleRequest(NULL, Object(Config\Cache), false)
#11 C:\xampp\htdocs\sig-agam\public\index.php(37): CodeIgniter\CodeIgniter->run()
#12 {main}
CRITICAL - 2022-05-16 21:28:05 --> Undefined property: App\Controllers\CobaImport::$data_kec
#0 C:\xampp\htdocs\sig-agam\app\Controllers\CobaImport.php(79): CodeIgniter\Debug\Exceptions->errorHandler(2, 'Undefined prope...', 'C:\\xampp\\htdocs...', 79)
#1 C:\xampp\htdocs\sig-agam\vendor\codeigniter4\framework\system\CodeIgniter.php(832): App\Controllers\CobaImport->upload()
#2 C:\xampp\htdocs\sig-agam\vendor\codeigniter4\framework\system\CodeIgniter.php(419): CodeIgniter\CodeIgniter->runController(Object(App\Controllers\CobaImport))
#3 C:\xampp\htdocs\sig-agam\vendor\codeigniter4\framework\system\CodeIgniter.php(326): CodeIgniter\CodeIgniter->handleRequest(NULL, Object(Config\Cache), false)
#4 C:\xampp\htdocs\sig-agam\public\index.php(37): CodeIgniter\CodeIgniter->run()
#5 {main}
CRITICAL - 2022-05-16 21:29:24 --> Undefined property: App\Controllers\CobaImport::$data_kec
#0 C:\xampp\htdocs\sig-agam\app\Controllers\CobaImport.php(94): CodeIgniter\Debug\Exceptions->errorHandler(2, 'Undefined prope...', 'C:\\xampp\\htdocs...', 94)
#1 C:\xampp\htdocs\sig-agam\vendor\codeigniter4\framework\system\CodeIgniter.php(832): App\Controllers\CobaImport->upload()
#2 C:\xampp\htdocs\sig-agam\vendor\codeigniter4\framework\system\CodeIgniter.php(419): CodeIgniter\CodeIgniter->runController(Object(App\Controllers\CobaImport))
#3 C:\xampp\htdocs\sig-agam\vendor\codeigniter4\framework\system\CodeIgniter.php(326): CodeIgniter\CodeIgniter->handleRequest(NULL, Object(Config\Cache), false)
#4 C:\xampp\htdocs\sig-agam\public\index.php(37): CodeIgniter\CodeIgniter->run()
#5 {main}
CRITICAL - 2022-05-16 23:32:40 --> Undefined property: App\Controllers\CobaImport::$data_kec
#0 C:\xampp\htdocs\sig-agam\app\Controllers\CobaImport.php(89): CodeIgniter\Debug\Exceptions->errorHandler(2, 'Undefined prope...', 'C:\\xampp\\htdocs...', 89)
#1 C:\xampp\htdocs\sig-agam\vendor\codeigniter4\framework\system\CodeIgniter.php(832): App\Controllers\CobaImport->upload()
#2 C:\xampp\htdocs\sig-agam\vendor\codeigniter4\framework\system\CodeIgniter.php(419): CodeIgniter\CodeIgniter->runController(Object(App\Controllers\CobaImport))
#3 C:\xampp\htdocs\sig-agam\vendor\codeigniter4\framework\system\CodeIgniter.php(326): CodeIgniter\CodeIgniter->handleRequest(NULL, Object(Config\Cache), false)
#4 C:\xampp\htdocs\sig-agam\public\index.php(37): CodeIgniter\CodeIgniter->run()
#5 {main}
ERROR - 2022-05-16 23:34:30 --> Column 'id_var' in field list is ambiguous
CRITICAL - 2022-05-16 23:34:30 --> Column 'id_var' in field list is ambiguous
#0 C:\xampp\htdocs\sig-agam\vendor\codeigniter4\framework\system\Database\MySQLi\Connection.php(292): mysqli->query('SELECT `id_var`...', 0)
#1 C:\xampp\htdocs\sig-agam\vendor\codeigniter4\framework\system\Database\BaseConnection.php(670): CodeIgniter\Database\MySQLi\Connection->execute('SELECT `id_var`...')
#2 C:\xampp\htdocs\sig-agam\vendor\codeigniter4\framework\system\Database\BaseConnection.php(598): CodeIgniter\Database\BaseConnection->simpleQuery('SELECT `id_var`...')
#3 C:\xampp\htdocs\sig-agam\vendor\codeigniter4\framework\system\Database\BaseBuilder.php(1455): CodeIgniter\Database\BaseConnection->query('SELECT `id_var`...', Array, false)
#4 C:\xampp\htdocs\sig-agam\vendor\codeigniter4\framework\system\Model.php(183): CodeIgniter\Database\BaseBuilder->get()
#5 C:\xampp\htdocs\sig-agam\vendor\codeigniter4\framework\system\BaseModel.php(584): CodeIgniter\Model->doFindAll(0, 0)
#6 C:\xampp\htdocs\sig-agam\app\Controllers\CobaImport.php(89): CodeIgniter\BaseModel->findAll()
#7 C:\xampp\htdocs\sig-agam\vendor\codeigniter4\framework\system\CodeIgniter.php(832): App\Controllers\CobaImport->upload()
#8 C:\xampp\htdocs\sig-agam\vendor\codeigniter4\framework\system\CodeIgniter.php(419): CodeIgniter\CodeIgniter->runController(Object(App\Controllers\CobaImport))
#9 C:\xampp\htdocs\sig-agam\vendor\codeigniter4\framework\system\CodeIgniter.php(326): CodeIgniter\CodeIgniter->handleRequest(NULL, Object(Config\Cache), false)
#10 C:\xampp\htdocs\sig-agam\public\index.php(37): CodeIgniter\CodeIgniter->run()
#11 {main}
CRITICAL - 2022-05-16 23:35:53 --> Undefined property: App\Controllers\CobaImport::$data_kec
#0 C:\xampp\htdocs\sig-agam\app\Controllers\CobaImport.php(90): CodeIgniter\Debug\Exceptions->errorHandler(2, 'Undefined prope...', 'C:\\xampp\\htdocs...', 90)
#1 C:\xampp\htdocs\sig-agam\vendor\codeigniter4\framework\system\CodeIgniter.php(832): App\Controllers\CobaImport->upload()
#2 C:\xampp\htdocs\sig-agam\vendor\codeigniter4\framework\system\CodeIgniter.php(419): CodeIgniter\CodeIgniter->runController(Object(App\Controllers\CobaImport))
#3 C:\xampp\htdocs\sig-agam\vendor\codeigniter4\framework\system\CodeIgniter.php(326): CodeIgniter\CodeIgniter->handleRequest(NULL, Object(Config\Cache), false)
#4 C:\xampp\htdocs\sig-agam\public\index.php(37): CodeIgniter\CodeIgniter->run()
#5 {main}
ERROR - 2022-05-16 23:36:27 --> Unknown column 'tbl_model.id_tahun' in 'on clause'
CRITICAL - 2022-05-16 23:36:27 --> Unknown column 'tbl_model.id_tahun' in 'on clause'
#0 C:\xampp\htdocs\sig-agam\vendor\codeigniter4\framework\system\Database\MySQLi\Connection.php(292): mysqli->query('SELECT `tbl_tah...', 0)
#1 C:\xampp\htdocs\sig-agam\vendor\codeigniter4\framework\system\Database\BaseConnection.php(670): CodeIgniter\Database\MySQLi\Connection->execute('SELECT `tbl_tah...')
#2 C:\xampp\htdocs\sig-agam\vendor\codeigniter4\framework\system\Database\BaseConnection.php(598): CodeIgniter\Database\BaseConnection->simpleQuery('SELECT `tbl_tah...')
#3 C:\xampp\htdocs\sig-agam\vendor\codeigniter4\framework\system\Database\BaseBuilder.php(1455): CodeIgniter\Database\BaseConnection->query('SELECT `tbl_tah...', Array, false)
#4 C:\xampp\htdocs\sig-agam\vendor\codeigniter4\framework\system\Model.php(183): CodeIgniter\Database\BaseBuilder->get()
#5 C:\xampp\htdocs\sig-agam\vendor\codeigniter4\framework\system\BaseModel.php(584): CodeIgniter\Model->doFindAll(0, 0)
#6 C:\xampp\htdocs\sig-agam\app\Controllers\CobaImport.php(90): CodeIgniter\BaseModel->findAll()
#7 C:\xampp\htdocs\sig-agam\vendor\codeigniter4\framework\system\CodeIgniter.php(832): App\Controllers\CobaImport->upload()
#8 C:\xampp\htdocs\sig-agam\vendor\codeigniter4\framework\system\CodeIgniter.php(419): CodeIgniter\CodeIgniter->runController(Object(App\Controllers\CobaImport))
#9 C:\xampp\htdocs\sig-agam\vendor\codeigniter4\framework\system\CodeIgniter.php(326): CodeIgniter\CodeIgniter->handleRequest(NULL, Object(Config\Cache), false)
#10 C:\xampp\htdocs\sig-agam\public\index.php(37): CodeIgniter\CodeIgniter->run()
#11 {main}
CRITICAL - 2022-05-16 23:37:11 --> Array to string conversion
#0 [internal function]: CodeIgniter\Debug\Exceptions->errorHandler(2, 'Array to string...', 'C:\\xampp\\htdocs...', 312)
#1 C:\xampp\htdocs\sig-agam\vendor\codeigniter4\framework\system\Database\Query.php(312): implode(',', Array)
#2 C:\xampp\htdocs\sig-agam\vendor\codeigniter4\framework\system\Database\Query.php(293): CodeIgniter\Database\Query->matchNamedBinds('INSERT INTO `tb...', Array)
#3 C:\xampp\htdocs\sig-agam\vendor\codeigniter4\framework\system\Database\Query.php(150): CodeIgniter\Database\Query->compileBinds()
#4 C:\xampp\htdocs\sig-agam\vendor\codeigniter4\framework\system\Database\BaseConnection.php(598): CodeIgniter\Database\Query->getQuery()
#5 C:\xampp\htdocs\sig-agam\vendor\codeigniter4\framework\system\Database\BaseBuilder.php(1771): CodeIgniter\Database\BaseConnection->query('INSERT INTO `tb...', Array, false)
#6 C:\xampp\htdocs\sig-agam\vendor\codeigniter4\framework\system\Model.php(239): CodeIgniter\Database\BaseBuilder->insert()
#7 C:\xampp\htdocs\sig-agam\vendor\codeigniter4\framework\system\BaseModel.php(738): CodeIgniter\Model->doInsert(Array)
#8 C:\xampp\htdocs\sig-agam\vendor\codeigniter4\framework\system\Model.php(625): CodeIgniter\BaseModel->insert(Array, true)
#9 C:\xampp\htdocs\sig-agam\app\Controllers\CobaImport.php(98): CodeIgniter\Model->insert(Array)
#10 C:\xampp\htdocs\sig-agam\vendor\codeigniter4\framework\system\CodeIgniter.php(832): App\Controllers\CobaImport->upload()
#11 C:\xampp\htdocs\sig-agam\vendor\codeigniter4\framework\system\CodeIgniter.php(419): CodeIgniter\CodeIgniter->runController(Object(App\Controllers\CobaImport))
#12 C:\xampp\htdocs\sig-agam\vendor\codeigniter4\framework\system\CodeIgniter.php(326): CodeIgniter\CodeIgniter->handleRequest(NULL, Object(Config\Cache), false)
#13 C:\xampp\htdocs\sig-agam\public\index.php(37): CodeIgniter\CodeIgniter->run()
#14 {main}
