CRITICAL - 2022-05-13 10:11:43 --> pagination is not a valid Pager template.
#0 C:\xampp\htdocs\sig-agam\vendor\codeigniter4\framework\system\Pager\Pager.php(120): CodeIgniter\Pager\Exceptions\PagerException::forInvalidTemplate('pagination')
#1 C:\xampp\htdocs\sig-agam\vendor\codeigniter4\framework\system\Pager\Pager.php(83): CodeIgniter\Pager\Pager->displayLinks('tbl_data_kec', 'pagination')
#2 C:\xampp\htdocs\sig-agam\app\Views\admin\data-kda\index.php(85): CodeIgniter\Pager\Pager->links('tbl_data_kec', 'pagination')
#3 C:\xampp\htdocs\sig-agam\vendor\codeigniter4\framework\system\View\View.php(210): include('C:\\xampp\\htdocs...')
#4 C:\xampp\htdocs\sig-agam\vendor\codeigniter4\framework\system\View\View.php(213): CodeIgniter\View\View->CodeIgniter\View\{closure}()
#5 C:\xampp\htdocs\sig-agam\vendor\codeigniter4\framework\system\Common.php(1089): CodeIgniter\View\View->render('admin/data-kda/...', Array, true)
#6 C:\xampp\htdocs\sig-agam\app\Controllers\Data.php(31): view('admin/data-kda/...', Array)
#7 C:\xampp\htdocs\sig-agam\vendor\codeigniter4\framework\system\CodeIgniter.php(832): App\Controllers\Data->index()
#8 C:\xampp\htdocs\sig-agam\vendor\codeigniter4\framework\system\CodeIgniter.php(419): CodeIgniter\CodeIgniter->runController(Object(App\Controllers\Data))
#9 C:\xampp\htdocs\sig-agam\vendor\codeigniter4\framework\system\CodeIgniter.php(326): CodeIgniter\CodeIgniter->handleRequest(NULL, Object(Config\Cache), false)
#10 C:\xampp\htdocs\sig-agam\public\index.php(37): CodeIgniter\CodeIgniter->run()
#11 {main}
CRITICAL - 2022-05-13 10:13:01 --> Undefined variable $data_kec
#0 C:\xampp\htdocs\sig-agam\app\Views\admin\data-kda\index.php(56): CodeIgniter\Debug\Exceptions->errorHandler(2, 'Undefined varia...', 'C:\\xampp\\htdocs...', 56)
#1 C:\xampp\htdocs\sig-agam\vendor\codeigniter4\framework\system\View\View.php(210): include('C:\\xampp\\htdocs...')
#2 C:\xampp\htdocs\sig-agam\vendor\codeigniter4\framework\system\View\View.php(213): CodeIgniter\View\View->CodeIgniter\View\{closure}()
#3 C:\xampp\htdocs\sig-agam\vendor\codeigniter4\framework\system\Common.php(1089): CodeIgniter\View\View->render('admin/data-kda/...', Array, true)
#4 C:\xampp\htdocs\sig-agam\app\Controllers\Data.php(85): view('admin/data-kda/...', Array)
#5 C:\xampp\htdocs\sig-agam\vendor\codeigniter4\framework\system\CodeIgniter.php(832): App\Controllers\Data->import()
#6 C:\xampp\htdocs\sig-agam\vendor\codeigniter4\framework\system\CodeIgniter.php(419): CodeIgniter\CodeIgniter->runController(Object(App\Controllers\Data))
#7 C:\xampp\htdocs\sig-agam\vendor\codeigniter4\framework\system\CodeIgniter.php(326): CodeIgniter\CodeIgniter->handleRequest(NULL, Object(Config\Cache), false)
#8 C:\xampp\htdocs\sig-agam\public\index.php(37): CodeIgniter\CodeIgniter->run()
#9 {main}
CRITICAL - 2022-05-13 10:13:23 --> Undefined variable $data_kec
#0 C:\xampp\htdocs\sig-agam\app\Views\admin\data-kda\index.php(56): CodeIgniter\Debug\Exceptions->errorHandler(2, 'Undefined varia...', 'C:\\xampp\\htdocs...', 56)
#1 C:\xampp\htdocs\sig-agam\vendor\codeigniter4\framework\system\View\View.php(210): include('C:\\xampp\\htdocs...')
#2 C:\xampp\htdocs\sig-agam\vendor\codeigniter4\framework\system\View\View.php(213): CodeIgniter\View\View->CodeIgniter\View\{closure}()
#3 C:\xampp\htdocs\sig-agam\vendor\codeigniter4\framework\system\Common.php(1089): CodeIgniter\View\View->render('admin/data-kda/...', Array, true)
#4 C:\xampp\htdocs\sig-agam\app\Controllers\Data.php(85): view('admin/data-kda/...', Array)
#5 C:\xampp\htdocs\sig-agam\vendor\codeigniter4\framework\system\CodeIgniter.php(832): App\Controllers\Data->import()
#6 C:\xampp\htdocs\sig-agam\vendor\codeigniter4\framework\system\CodeIgniter.php(419): CodeIgniter\CodeIgniter->runController(Object(App\Controllers\Data))
#7 C:\xampp\htdocs\sig-agam\vendor\codeigniter4\framework\system\CodeIgniter.php(326): CodeIgniter\CodeIgniter->handleRequest(NULL, Object(Config\Cache), false)
#8 C:\xampp\htdocs\sig-agam\public\index.php(37): CodeIgniter\CodeIgniter->run()
#9 {main}
ERROR - 2022-05-13 10:40:29 --> Can't create table `ciwebgis`.`auth_tokens` (errno: 150 "Foreign key constraint is incorrectly formed")
ERROR - 2022-05-13 10:44:02 --> Can't create table `ciwebgis`.`auth_tokens` (errno: 150 "Foreign key constraint is incorrectly formed")
ERROR - 2022-05-13 10:45:43 --> Error connecting to the database: Class "SQLite3" not found
CRITICAL - 2022-05-13 11:29:13 --> strtolower(): Passing null to parameter #1 ($string) of type string is deprecated
#0 [internal function]: CodeIgniter\Debug\Exceptions->errorHandler(8192, 'strtolower(): P...', 'C:\\xampp\\htdocs...', 71)
#1 C:\xampp\htdocs\sig-agam\vendor\myth\auth\src\Authentication\Passwords\NothingPersonalValidator.php(71): strtolower(NULL)
#2 C:\xampp\htdocs\sig-agam\vendor\myth\auth\src\Authentication\Passwords\NothingPersonalValidator.php(39): Myth\Auth\Authentication\Passwords\NothingPersonalValidator->isNotPersonal('admin123', Object(Myth\Auth\Entities\User))
#3 C:\xampp\htdocs\sig-agam\vendor\myth\auth\src\Authentication\Passwords\PasswordValidator.php(55): Myth\Auth\Authentication\Passwords\NothingPersonalValidator->check('admin123', Object(Myth\Auth\Entities\User))
#4 C:\xampp\htdocs\sig-agam\vendor\myth\auth\src\Authentication\Passwords\ValidationRules.php(45): Myth\Auth\Authentication\Passwords\PasswordValidator->check('admin123', Object(Myth\Auth\Entities\User))
#5 C:\xampp\htdocs\sig-agam\vendor\codeigniter4\framework\system\Validation\Validation.php(291): Myth\Auth\Authentication\Passwords\ValidationRules->strong_password('admin123', NULL)
#6 C:\xampp\htdocs\sig-agam\vendor\codeigniter4\framework\system\Validation\Validation.php(157): CodeIgniter\Validation\Validation->processRules('password', 'password', 'admin123', Array, Array)
#7 C:\xampp\htdocs\sig-agam\vendor\codeigniter4\framework\system\Controller.php(160): CodeIgniter\Validation\Validation->run()
#8 C:\xampp\htdocs\sig-agam\vendor\myth\auth\src\Controllers\AuthController.php(172): CodeIgniter\Controller->validate(Array)
#9 C:\xampp\htdocs\sig-agam\vendor\codeigniter4\framework\system\CodeIgniter.php(832): Myth\Auth\Controllers\AuthController->attemptRegister()
#10 C:\xampp\htdocs\sig-agam\vendor\codeigniter4\framework\system\CodeIgniter.php(419): CodeIgniter\CodeIgniter->runController(Object(Myth\Auth\Controllers\AuthController))
#11 C:\xampp\htdocs\sig-agam\vendor\codeigniter4\framework\system\CodeIgniter.php(326): CodeIgniter\CodeIgniter->handleRequest(NULL, Object(Config\Cache), false)
#12 C:\xampp\htdocs\sig-agam\public\index.php(37): CodeIgniter\CodeIgniter->run()
#13 C:\xampp\htdocs\sig-agam\vendor\codeigniter4\framework\system\Commands\Server\rewrite.php(43): require_once('C:\\xampp\\htdocs...')
#14 {main}
CRITICAL - 2022-05-13 11:34:06 --> Class name must be a valid object or a string
#0 C:\xampp\htdocs\sig-agam\vendor\codeigniter4\framework\system\Config\BaseService.php(248): Myth\Auth\Config\Services::activator(Object(Myth\Auth\Config\Auth), false)
#1 C:\xampp\htdocs\sig-agam\vendor\codeigniter4\framework\system\Config\BaseService.php(189): CodeIgniter\Config\BaseService::__callStatic('activator', Array)
#2 C:\xampp\htdocs\sig-agam\vendor\myth\auth\src\Config\Services.php(86): CodeIgniter\Config\BaseService::getSharedInstance('activator', NULL)
#3 C:\xampp\htdocs\sig-agam\vendor\codeigniter4\framework\system\Config\BaseService.php(248): Myth\Auth\Config\Services::activator()
#4 C:\xampp\htdocs\sig-agam\vendor\codeigniter4\framework\system\Common.php(929): CodeIgniter\Config\BaseService::__callStatic('activator', Array)
#5 C:\xampp\htdocs\sig-agam\vendor\myth\auth\src\Controllers\AuthController.php(195): service('activator')
#6 C:\xampp\htdocs\sig-agam\vendor\codeigniter4\framework\system\CodeIgniter.php(832): Myth\Auth\Controllers\AuthController->attemptRegister()
#7 C:\xampp\htdocs\sig-agam\vendor\codeigniter4\framework\system\CodeIgniter.php(419): CodeIgniter\CodeIgniter->runController(Object(Myth\Auth\Controllers\AuthController))
#8 C:\xampp\htdocs\sig-agam\vendor\codeigniter4\framework\system\CodeIgniter.php(326): CodeIgniter\CodeIgniter->handleRequest(NULL, Object(Config\Cache), false)
#9 C:\xampp\htdocs\sig-agam\public\index.php(37): CodeIgniter\CodeIgniter->run()
#10 C:\xampp\htdocs\sig-agam\vendor\codeigniter4\framework\system\Commands\Server\rewrite.php(43): require_once('C:\\xampp\\htdocs...')
#11 {main}
CRITICAL - 2022-05-13 22:04:03 --> Class name must be a valid object or a string
#0 C:\xampp\htdocs\sig-agam\vendor\codeigniter4\framework\system\Config\BaseService.php(248): Myth\Auth\Config\Services::activator(Object(Myth\Auth\Config\Auth), false)
#1 C:\xampp\htdocs\sig-agam\vendor\codeigniter4\framework\system\Config\BaseService.php(189): CodeIgniter\Config\BaseService::__callStatic('activator', Array)
#2 C:\xampp\htdocs\sig-agam\vendor\myth\auth\src\Config\Services.php(86): CodeIgniter\Config\BaseService::getSharedInstance('activator', NULL)
#3 C:\xampp\htdocs\sig-agam\vendor\codeigniter4\framework\system\Config\BaseService.php(248): Myth\Auth\Config\Services::activator()
#4 C:\xampp\htdocs\sig-agam\vendor\codeigniter4\framework\system\Common.php(929): CodeIgniter\Config\BaseService::__callStatic('activator', Array)
#5 C:\xampp\htdocs\sig-agam\vendor\myth\auth\src\Controllers\AuthController.php(195): service('activator')
#6 C:\xampp\htdocs\sig-agam\vendor\codeigniter4\framework\system\CodeIgniter.php(832): Myth\Auth\Controllers\AuthController->attemptRegister()
#7 C:\xampp\htdocs\sig-agam\vendor\codeigniter4\framework\system\CodeIgniter.php(419): CodeIgniter\CodeIgniter->runController(Object(Myth\Auth\Controllers\AuthController))
#8 C:\xampp\htdocs\sig-agam\vendor\codeigniter4\framework\system\CodeIgniter.php(326): CodeIgniter\CodeIgniter->handleRequest(NULL, Object(Config\Cache), false)
#9 C:\xampp\htdocs\sig-agam\public\index.php(37): CodeIgniter\CodeIgniter->run()
#10 C:\xampp\htdocs\sig-agam\vendor\codeigniter4\framework\system\Commands\Server\rewrite.php(43): require_once('C:\\xampp\\htdocs...')
#11 {main}
CRITICAL - 2022-05-13 22:12:35 --> Class name must be a valid object or a string
#0 C:\xampp\htdocs\sig-agam\vendor\codeigniter4\framework\system\Config\BaseService.php(248): Myth\Auth\Config\Services::activator(Object(Myth\Auth\Config\Auth), false)
#1 C:\xampp\htdocs\sig-agam\vendor\codeigniter4\framework\system\Config\BaseService.php(189): CodeIgniter\Config\BaseService::__callStatic('activator', Array)
#2 C:\xampp\htdocs\sig-agam\vendor\myth\auth\src\Config\Services.php(86): CodeIgniter\Config\BaseService::getSharedInstance('activator', NULL)
#3 C:\xampp\htdocs\sig-agam\vendor\codeigniter4\framework\system\Config\BaseService.php(248): Myth\Auth\Config\Services::activator()
#4 C:\xampp\htdocs\sig-agam\vendor\codeigniter4\framework\system\Common.php(929): CodeIgniter\Config\BaseService::__callStatic('activator', Array)
#5 C:\xampp\htdocs\sig-agam\vendor\myth\auth\src\Controllers\AuthController.php(195): service('activator')
#6 C:\xampp\htdocs\sig-agam\vendor\codeigniter4\framework\system\CodeIgniter.php(832): Myth\Auth\Controllers\AuthController->attemptRegister()
#7 C:\xampp\htdocs\sig-agam\vendor\codeigniter4\framework\system\CodeIgniter.php(419): CodeIgniter\CodeIgniter->runController(Object(Myth\Auth\Controllers\AuthController))
#8 C:\xampp\htdocs\sig-agam\vendor\codeigniter4\framework\system\CodeIgniter.php(326): CodeIgniter\CodeIgniter->handleRequest(NULL, Object(Config\Cache), false)
#9 C:\xampp\htdocs\sig-agam\public\index.php(37): CodeIgniter\CodeIgniter->run()
#10 C:\xampp\htdocs\sig-agam\vendor\codeigniter4\framework\system\Commands\Server\rewrite.php(43): require_once('C:\\xampp\\htdocs...')
#11 {main}
